{"D:\\Projects\\JewelSystemsGit\\api-ts-migration\\brat-api\\src\\test\\event.ts":{"path":"D:\\Projects\\JewelSystemsGit\\api-ts-migration\\brat-api\\src\\test\\event.ts","statementMap":{"0":{"start":{"line":2,"column":16},"end":{"line":10,"column":1}},"1":{"start":{"line":3,"column":28},"end":{"line":3,"column":110}},"2":{"start":{"line":3,"column":91},"end":{"line":3,"column":106}},"3":{"start":{"line":4,"column":4},"end":{"line":9,"column":7}},"4":{"start":{"line":5,"column":36},"end":{"line":5,"column":97}},"5":{"start":{"line":5,"column":42},"end":{"line":5,"column":70}},"6":{"start":{"line":5,"column":85},"end":{"line":5,"column":95}},"7":{"start":{"line":6,"column":35},"end":{"line":6,"column":100}},"8":{"start":{"line":6,"column":41},"end":{"line":6,"column":73}},"9":{"start":{"line":6,"column":88},"end":{"line":6,"column":98}},"10":{"start":{"line":7,"column":32},"end":{"line":7,"column":116}},"11":{"start":{"line":8,"column":8},"end":{"line":8,"column":78}},"12":{"start":{"line":11,"column":22},"end":{"line":13,"column":1}},"13":{"start":{"line":12,"column":4},"end":{"line":12,"column":62}},"14":{"start":{"line":14,"column":0},"end":{"line":14,"column":62}},"15":{"start":{"line":15,"column":15},"end":{"line":15,"column":30}},"16":{"start":{"line":16,"column":16},"end":{"line":16,"column":56}},"17":{"start":{"line":17,"column":18},"end":{"line":17,"column":36}},"18":{"start":{"line":18,"column":16},"end":{"line":18,"column":59}},"19":{"start":{"line":24,"column":0},"end":{"line":24,"column":29}},"20":{"start":{"line":25,"column":0},"end":{"line":99,"column":3}},"21":{"start":{"line":26,"column":4},"end":{"line":98,"column":7}},"22":{"start":{"line":27,"column":8},"end":{"line":51,"column":11}},"23":{"start":{"line":28,"column":12},"end":{"line":50,"column":15}},"24":{"start":{"line":29,"column":16},"end":{"line":43,"column":19}},"25":{"start":{"line":30,"column":20},"end":{"line":42,"column":23}},"26":{"start":{"line":31,"column":37},"end":{"line":31,"column":143}},"27":{"start":{"line":32,"column":42},"end":{"line":32,"column":82}},"28":{"start":{"line":33,"column":38},"end":{"line":38,"column":26}},"29":{"start":{"line":39,"column":24},"end":{"line":39,"column":335}},"30":{"start":{"line":40,"column":24},"end":{"line":41,"column":55}},"31":{"start":{"line":41,"column":28},"end":{"line":41,"column":55}},"32":{"start":{"line":44,"column":16},"end":{"line":49,"column":19}},"33":{"start":{"line":45,"column":20},"end":{"line":48,"column":23}},"34":{"start":{"line":46,"column":37},"end":{"line":46,"column":133}},"35":{"start":{"line":47,"column":24},"end":{"line":47,"column":108}},"36":{"start":{"line":52,"column":8},"end":{"line":97,"column":11}},"37":{"start":{"line":53,"column":12},"end":{"line":96,"column":15}},"38":{"start":{"line":54,"column":16},"end":{"line":78,"column":19}},"39":{"start":{"line":55,"column":20},"end":{"line":77,"column":23}},"40":{"start":{"line":56,"column":24},"end":{"line":56,"column":115}},"41":{"start":{"line":57,"column":42},"end":{"line":57,"column":82}},"42":{"start":{"line":58,"column":38},"end":{"line":63,"column":26}},"43":{"start":{"line":65,"column":24},"end":{"line":67,"column":25}},"44":{"start":{"line":66,"column":28},"end":{"line":66,"column":161}},"45":{"start":{"line":68,"column":39},"end":{"line":73,"column":26}},"46":{"start":{"line":74,"column":24},"end":{"line":74,"column":331}},"47":{"start":{"line":75,"column":24},"end":{"line":76,"column":56}},"48":{"start":{"line":76,"column":28},"end":{"line":76,"column":56}},"49":{"start":{"line":79,"column":16},"end":{"line":95,"column":19}},"50":{"start":{"line":80,"column":20},"end":{"line":94,"column":23}},"51":{"start":{"line":81,"column":24},"end":{"line":81,"column":115}},"52":{"start":{"line":82,"column":42},"end":{"line":82,"column":82}},"53":{"start":{"line":83,"column":38},"end":{"line":88,"column":26}},"54":{"start":{"line":90,"column":24},"end":{"line":92,"column":25}},"55":{"start":{"line":91,"column":28},"end":{"line":91,"column":151}},"56":{"start":{"line":93,"column":24},"end":{"line":93,"column":108}}},"fnMap":{"0":{"name":"(anonymous_0)","decl":{"start":{"line":2,"column":44},"end":{"line":2,"column":45}},"loc":{"start":{"line":2,"column":89},"end":{"line":10,"column":1}},"line":2},"1":{"name":"adopt","decl":{"start":{"line":3,"column":13},"end":{"line":3,"column":18}},"loc":{"start":{"line":3,"column":26},"end":{"line":3,"column":112}},"line":3},"2":{"name":"(anonymous_2)","decl":{"start":{"line":3,"column":70},"end":{"line":3,"column":71}},"loc":{"start":{"line":3,"column":89},"end":{"line":3,"column":108}},"line":3},"3":{"name":"(anonymous_3)","decl":{"start":{"line":4,"column":36},"end":{"line":4,"column":37}},"loc":{"start":{"line":4,"column":63},"end":{"line":9,"column":5}},"line":4},"4":{"name":"fulfilled","decl":{"start":{"line":5,"column":17},"end":{"line":5,"column":26}},"loc":{"start":{"line":5,"column":34},"end":{"line":5,"column":99}},"line":5},"5":{"name":"rejected","decl":{"start":{"line":6,"column":17},"end":{"line":6,"column":25}},"loc":{"start":{"line":6,"column":33},"end":{"line":6,"column":102}},"line":6},"6":{"name":"step","decl":{"start":{"line":7,"column":17},"end":{"line":7,"column":21}},"loc":{"start":{"line":7,"column":30},"end":{"line":7,"column":118}},"line":7},"7":{"name":"(anonymous_7)","decl":{"start":{"line":11,"column":56},"end":{"line":11,"column":57}},"loc":{"start":{"line":11,"column":71},"end":{"line":13,"column":1}},"line":11},"8":{"name":"(anonymous_8)","decl":{"start":{"line":25,"column":21},"end":{"line":25,"column":22}},"loc":{"start":{"line":25,"column":33},"end":{"line":99,"column":1}},"line":25},"9":{"name":"(anonymous_9)","decl":{"start":{"line":26,"column":43},"end":{"line":26,"column":44}},"loc":{"start":{"line":26,"column":56},"end":{"line":98,"column":5}},"line":26},"10":{"name":"(anonymous_10)","decl":{"start":{"line":27,"column":31},"end":{"line":27,"column":32}},"loc":{"start":{"line":27,"column":43},"end":{"line":51,"column":9}},"line":27},"11":{"name":"(anonymous_11)","decl":{"start":{"line":28,"column":51},"end":{"line":28,"column":52}},"loc":{"start":{"line":28,"column":64},"end":{"line":50,"column":13}},"line":28},"12":{"name":"(anonymous_12)","decl":{"start":{"line":29,"column":69},"end":{"line":29,"column":70}},"loc":{"start":{"line":29,"column":81},"end":{"line":43,"column":17}},"line":29},"13":{"name":"(anonymous_13)","decl":{"start":{"line":30,"column":59},"end":{"line":30,"column":60}},"loc":{"start":{"line":30,"column":72},"end":{"line":42,"column":21}},"line":30},"14":{"name":"(anonymous_14)","decl":{"start":{"line":44,"column":95},"end":{"line":44,"column":96}},"loc":{"start":{"line":44,"column":107},"end":{"line":49,"column":17}},"line":44},"15":{"name":"(anonymous_15)","decl":{"start":{"line":45,"column":59},"end":{"line":45,"column":60}},"loc":{"start":{"line":45,"column":72},"end":{"line":48,"column":21}},"line":45},"16":{"name":"(anonymous_16)","decl":{"start":{"line":52,"column":31},"end":{"line":52,"column":32}},"loc":{"start":{"line":52,"column":43},"end":{"line":97,"column":9}},"line":52},"17":{"name":"(anonymous_17)","decl":{"start":{"line":53,"column":51},"end":{"line":53,"column":52}},"loc":{"start":{"line":53,"column":64},"end":{"line":96,"column":13}},"line":53},"18":{"name":"(anonymous_18)","decl":{"start":{"line":54,"column":65},"end":{"line":54,"column":66}},"loc":{"start":{"line":54,"column":77},"end":{"line":78,"column":17}},"line":54},"19":{"name":"(anonymous_19)","decl":{"start":{"line":55,"column":59},"end":{"line":55,"column":60}},"loc":{"start":{"line":55,"column":72},"end":{"line":77,"column":21}},"line":55},"20":{"name":"(anonymous_20)","decl":{"start":{"line":79,"column":95},"end":{"line":79,"column":96}},"loc":{"start":{"line":79,"column":107},"end":{"line":95,"column":17}},"line":79},"21":{"name":"(anonymous_21)","decl":{"start":{"line":80,"column":59},"end":{"line":80,"column":60}},"loc":{"start":{"line":80,"column":72},"end":{"line":94,"column":21}},"line":80}},"branchMap":{"0":{"loc":{"start":{"line":2,"column":16},"end":{"line":10,"column":1}},"type":"binary-expr","locations":[{"start":{"line":2,"column":17},"end":{"line":2,"column":21}},{"start":{"line":2,"column":25},"end":{"line":2,"column":39}},{"start":{"line":2,"column":44},"end":{"line":10,"column":1}}],"line":2},"1":{"loc":{"start":{"line":3,"column":35},"end":{"line":3,"column":109}},"type":"cond-expr","locations":[{"start":{"line":3,"column":56},"end":{"line":3,"column":61}},{"start":{"line":3,"column":64},"end":{"line":3,"column":109}}],"line":3},"2":{"loc":{"start":{"line":4,"column":16},"end":{"line":4,"column":34}},"type":"binary-expr","locations":[{"start":{"line":4,"column":16},"end":{"line":4,"column":17}},{"start":{"line":4,"column":22},"end":{"line":4,"column":33}}],"line":4},"3":{"loc":{"start":{"line":7,"column":32},"end":{"line":7,"column":115}},"type":"cond-expr","locations":[{"start":{"line":7,"column":46},"end":{"line":7,"column":67}},{"start":{"line":7,"column":70},"end":{"line":7,"column":115}}],"line":7},"4":{"loc":{"start":{"line":8,"column":51},"end":{"line":8,"column":67}},"type":"binary-expr","locations":[{"start":{"line":8,"column":51},"end":{"line":8,"column":61}},{"start":{"line":8,"column":65},"end":{"line":8,"column":67}}],"line":8},"5":{"loc":{"start":{"line":11,"column":22},"end":{"line":13,"column":1}},"type":"binary-expr","locations":[{"start":{"line":11,"column":23},"end":{"line":11,"column":27}},{"start":{"line":11,"column":31},"end":{"line":11,"column":51}},{"start":{"line":11,"column":56},"end":{"line":13,"column":1}}],"line":11},"6":{"loc":{"start":{"line":12,"column":11},"end":{"line":12,"column":61}},"type":"cond-expr","locations":[{"start":{"line":12,"column":37},"end":{"line":12,"column":40}},{"start":{"line":12,"column":43},"end":{"line":12,"column":61}}],"line":12},"7":{"loc":{"start":{"line":12,"column":12},"end":{"line":12,"column":33}},"type":"binary-expr","locations":[{"start":{"line":12,"column":12},"end":{"line":12,"column":15}},{"start":{"line":12,"column":19},"end":{"line":12,"column":33}}],"line":12},"8":{"loc":{"start":{"line":39,"column":246},"end":{"line":39,"column":300}},"type":"cond-expr","locations":[{"start":{"line":39,"column":283},"end":{"line":39,"column":289}},{"start":{"line":39,"column":292},"end":{"line":39,"column":300}}],"line":39},"9":{"loc":{"start":{"line":39,"column":246},"end":{"line":39,"column":280}},"type":"binary-expr","locations":[{"start":{"line":39,"column":246},"end":{"line":39,"column":260}},{"start":{"line":39,"column":264},"end":{"line":39,"column":280}}],"line":39},"10":{"loc":{"start":{"line":40,"column":24},"end":{"line":41,"column":55}},"type":"if","locations":[{"start":{"line":40,"column":24},"end":{"line":41,"column":55}},{"start":{"line":40,"column":24},"end":{"line":41,"column":55}}],"line":40},"11":{"loc":{"start":{"line":65,"column":24},"end":{"line":67,"column":25}},"type":"if","locations":[{"start":{"line":65,"column":24},"end":{"line":67,"column":25}},{"start":{"line":65,"column":24},"end":{"line":67,"column":25}}],"line":65},"12":{"loc":{"start":{"line":74,"column":121},"end":{"line":74,"column":178}},"type":"cond-expr","locations":[{"start":{"line":74,"column":160},"end":{"line":74,"column":166}},{"start":{"line":74,"column":169},"end":{"line":74,"column":178}}],"line":74},"13":{"loc":{"start":{"line":74,"column":121},"end":{"line":74,"column":157}},"type":"binary-expr","locations":[{"start":{"line":74,"column":121},"end":{"line":74,"column":136}},{"start":{"line":74,"column":140},"end":{"line":74,"column":157}}],"line":74},"14":{"loc":{"start":{"line":75,"column":24},"end":{"line":76,"column":56}},"type":"if","locations":[{"start":{"line":75,"column":24},"end":{"line":76,"column":56}},{"start":{"line":75,"column":24},"end":{"line":76,"column":56}}],"line":75},"15":{"loc":{"start":{"line":90,"column":24},"end":{"line":92,"column":25}},"type":"if","locations":[{"start":{"line":90,"column":24},"end":{"line":92,"column":25}},{"start":{"line":90,"column":24},"end":{"line":92,"column":25}}],"line":90}},"s":{"0":1,"1":10,"2":0,"3":7,"4":10,"5":10,"6":0,"7":0,"8":0,"9":0,"10":17,"11":7,"12":1,"13":2,"14":1,"15":1,"16":1,"17":1,"18":1,"19":1,"20":1,"21":1,"22":1,"23":1,"24":1,"25":1,"26":1,"27":1,"28":1,"29":1,"30":1,"31":1,"32":1,"33":1,"34":1,"35":1,"36":1,"37":1,"38":1,"39":1,"40":1,"41":1,"42":1,"43":1,"44":1,"45":1,"46":1,"47":1,"48":1,"49":1,"50":1,"51":1,"52":1,"53":1,"54":1,"55":1,"56":1},"f":{"0":7,"1":10,"2":0,"3":7,"4":10,"5":0,"6":17,"7":2,"8":1,"9":1,"10":1,"11":1,"12":1,"13":1,"14":1,"15":1,"16":1,"17":1,"18":1,"19":1,"20":1,"21":1},"b":{"0":[1,1,1],"1":[10,0],"2":[7,7],"3":[7,10],"4":[7,7],"5":[1,1,1],"6":[2,0],"7":[2,2],"8":[0,1],"9":[1,1],"10":[1,0],"11":[1,0],"12":[0,1],"13":[1,1],"14":[1,0],"15":[1,0]},"inputSourceMap":{"version":3,"file":"D:/Projects/JewelSystemsGit/api-ts-migration/brat-api/src/test/event.ts","sources":["D:/Projects/JewelSystemsGit/api-ts-migration/brat-api/src/test/event.ts"],"names":[],"mappings":";;;;;;;;;;;;;;AAAA,+BAA8B;AAC9B,yDAA+B;AAC/B,qCAA0D;AAC1D,4DAAoC;AACpC;;;;EAIE;AACF,0BAAgB,EAAE,CAAC;AAEnB,QAAQ,CAAC,UAAU,EAAE;;QACnB,QAAQ,CAAC,YAAY,EAAE;;gBACrB,EAAE,CAAC,gDAAgD,EAAE;;wBACnD,MAAM,IAAI,GAAG,IAAI,CAAC,SAAS,CAAC,MAAM,eAAG,CAAC,MAAM,CAAC,QAAQ,EAAE,sBAAsB,EAAE,YAAY,EAAE,YAAY,CAAC,CAAC,CAAC;wBAE5G,MAAM,SAAS,GAAG,uBAAa,CAAC,eAAK,CAAC,CAAC;wBACvC,MAAM,KAAK,GAAG,MAAM,SAAS,CAAC,OAAO,CAAC;4BACpC,MAAM,EAAE,QAAQ;4BAChB,eAAe,EAAE,sBAAsB;4BACvC,OAAO,EAAE,YAAY;4BACrB,KAAK,EAAE,YAAY;yBACpB,CAAC,CAAC;wBAEH,aAAM,CAAC,KAAK,CAAC,IAAI,EAAE,IAAI,CAAC,SAAS,CAAC,EAAC,QAAQ,EAAC,GAAG,EAAC,KAAK,EAAC,aAAa,EAAC,MAAM,EAAC,CAAC,EAAC,MAAM,EAAC,QAAQ,EAAC,eAAe,EAAC,sBAAsB,EAAC,QAAQ,EAAC,GAAG,EAAC,OAAO,EAAC,YAAY,EAAC,KAAK,EAAC,YAAY,EAAC,IAAI,EAAE,MAAM,CAAC,KAAK,aAAL,KAAK,uBAAL,KAAK,CAAE,EAAE,CAAC,EAAE,CAAC,EAAC,MAAM,EAAC,gBAAgB,EAAC,CAAC,CAAC,CAAC;wBAE/O,IAAG,KAAK;4BAAE,SAAS,CAAC,MAAM,CAAC,KAAK,CAAC,EAAE,CAAC,CAAC;oBACvC,CAAC;iBAAA,CAAC,CAAC;gBACH,EAAE,CAAC,0EAA0E,EAAE;;wBAC7E,MAAM,IAAI,GAAG,IAAI,CAAC,SAAS,CAAC,MAAM,eAAG,CAAC,MAAM,CAAC,QAAQ,EAAE,sBAAsB,EAAE,EAAE,EAAE,YAAY,CAAC,CAAC,CAAC;wBAClG,aAAM,CAAC,KAAK,CAAC,IAAI,EAAE,IAAI,CAAC,SAAS,CAAC,EAAC,QAAQ,EAAE,GAAG,EAAE,KAAK,EAAE,cAAc,EAAC,CAAC,CAAC,CAAC;oBAC7E,CAAC;iBAAA,CAAC,CAAC;YACL,CAAC;SAAA,CAAC,CAAC;QACH,QAAQ,CAAC,YAAY,EAAE;;gBACrB,EAAE,CAAC,4CAA4C,EAAE;;wBAC/C,MAAM,eAAG,CAAC,MAAM,CAAC,QAAQ,EAAE,sBAAsB,EAAE,YAAY,EAAE,YAAY,CAAC,CAAC;wBAC/E,MAAM,SAAS,GAAG,uBAAa,CAAC,eAAK,CAAC,CAAC;wBACvC,MAAM,KAAK,GAAG,MAAM,SAAS,CAAC,OAAO,CAAC;4BACpC,MAAM,EAAE,QAAQ;4BAChB,eAAe,EAAE,sBAAsB;4BACvC,OAAO,EAAE,YAAY;4BACrB,KAAK,EAAE,YAAY;yBACpB,CAAC,CAAC;wBAEH,IAAI,IAAI,CAAC;wBACT,IAAG,KAAK,EAAC;4BACP,IAAI,GAAG,IAAI,CAAC,SAAS,CAAC,MAAM,eAAG,CAAC,MAAM,CAAC,MAAM,CAAC,KAAK,CAAC,EAAE,CAAC,EAAE,SAAS,EAAE,sBAAsB,EAAE,YAAY,EAAE,YAAY,CAAC,CAAC,CAAC;yBAC1H;wBAED,MAAM,MAAM,GAAG,MAAM,SAAS,CAAC,OAAO,CAAC;4BACrC,MAAM,EAAE,SAAS;4BACjB,eAAe,EAAE,sBAAsB;4BACvC,OAAO,EAAE,YAAY;4BACrB,KAAK,EAAE,YAAY;yBACpB,CAAC,CAAC;wBAEH,aAAM,CAAC,KAAK,CAAC,IAAI,EAAE,IAAI,CAAC,SAAS,CAAC,EAAC,QAAQ,EAAC,GAAG,EAAC,KAAK,EAAC,aAAa,EAAC,MAAM,EAAC,CAAC,EAAC,IAAI,EAAC,MAAM,aAAN,MAAM,uBAAN,MAAM,CAAE,EAAE,EAAC,MAAM,EAAC,SAAS,EAAC,eAAe,EAAC,sBAAsB,EAAC,QAAQ,EAAC,GAAG,EAAC,OAAO,EAAC,YAAY,EAAC,KAAK,EAAC,YAAY,EAAC,CAAC,EAAC,MAAM,EAAC,gBAAgB,EAAC,CAAC,CAAC,CAAC;wBAEvO,IAAG,MAAM;4BAAE,SAAS,CAAC,MAAM,CAAC,MAAM,CAAC,EAAE,CAAC,CAAC;oBACzC,CAAC;iBAAA,CAAC,CAAC;gBACH,EAAE,CAAC,0EAA0E,EAAE;;wBAC7E,MAAM,eAAG,CAAC,MAAM,CAAC,QAAQ,EAAE,sBAAsB,EAAE,YAAY,EAAE,YAAY,CAAC,CAAC;wBAC/E,MAAM,SAAS,GAAG,uBAAa,CAAC,eAAK,CAAC,CAAC;wBACvC,MAAM,KAAK,GAAG,MAAM,SAAS,CAAC,OAAO,CAAC;4BACpC,MAAM,EAAE,QAAQ;4BAChB,eAAe,EAAE,sBAAsB;4BACvC,OAAO,EAAE,YAAY;4BACrB,KAAK,EAAE,YAAY;yBACpB,CAAC,CAAC;wBAEH,IAAI,IAAI,CAAC;wBACT,IAAG,KAAK,EAAC;4BACP,IAAI,GAAG,IAAI,CAAC,SAAS,CAAC,MAAM,eAAG,CAAC,MAAM,CAAC,MAAM,CAAC,KAAK,CAAC,EAAE,CAAC,EAAE,SAAS,EAAE,sBAAsB,EAAE,EAAE,EAAE,YAAY,CAAC,CAAC,CAAC;yBAChH;wBAED,aAAM,CAAC,KAAK,CAAC,IAAI,EAAE,IAAI,CAAC,SAAS,CAAC,EAAC,QAAQ,EAAE,GAAG,EAAE,KAAK,EAAE,cAAc,EAAC,CAAC,CAAC,CAAC;oBAC7E,CAAC;iBAAA,CAAC,CAAC;YACL,CAAC;SAAA,CAAC,CAAC;IACL,CAAC;CAAA,CAAC,CAAC","sourcesContent":["import { assert } from 'chai';\r\nimport API from '../api/event';\r\nimport { createConnection, getRepository } from 'typeorm';\r\nimport Event from '../models/Event';\r\n/*\r\nbeforeEach(async function() {\r\n  await Game.destroy({where: {}});\r\n});\r\n*/\r\ncreateConnection();\r\n\r\ndescribe('EventAPI', async function(){\r\n  describe('API Create', async function(){\r\n    it('API.create should return a successful response', async function(){\r\n      const resp = JSON.stringify(await API.create(\"Evento\", \"www.donationlink.com\", \"2021-01-01\", \"2021-01-10\"));\r\n\r\n      const eventRepo = getRepository(Event);\r\n      const event = await eventRepo.findOne({ \r\n        \"name\": \"Evento\",\r\n        \"donation_link\": \"www.donationlink.com\",\r\n        \"start\": \"2021-01-01\",\r\n        \"end\": \"2021-01-10\"\r\n      });\r\n\r\n      assert.equal(resp, JSON.stringify({\"status\":200,\"msg\":\"createEvent\",\"data\":[{\"name\":\"Evento\",\"donation_link\":\"www.donationlink.com\",\"active\":\"N\",\"start\":\"2021-01-01\",\"end\":\"2021-01-10\",\"id\": Number(event?.id) }],\"type\":\"adminBroadcast\"}));\r\n    \r\n      if(event) eventRepo.delete(event.id);\r\n    });\r\n    it('API.create should return a server error when a invalid input is received', async function(){\r\n      const resp = JSON.stringify(await API.create(\"Evento\", \"www.donationlink.com\", \"\", \"2021-01-10\"));\r\n      assert.equal(resp, JSON.stringify({\"status\": 403, \"msg\": \"Server error\"}));\r\n    });\r\n  });\r\n  describe('Api update', async function(){\r\n    it('API.update should return the updated event', async function(){\r\n      await API.create(\"Evento\", \"www.donationlink.com\", \"2021-01-01\", \"2021-01-10\");\r\n      const eventRepo = getRepository(Event);\r\n      const event = await eventRepo.findOne({ \r\n        \"name\": \"Evento\",\r\n        \"donation_link\": \"www.donationlink.com\",\r\n        \"start\": \"2021-01-01\",\r\n        \"end\": \"2021-01-10\"\r\n      });\r\n\r\n      let resp;\r\n      if(event){\r\n        resp = JSON.stringify(await API.update(String(event.id), \"Evento2\", \"www.donationlink.com\", \"2021-01-01\", \"2021-01-10\"));\r\n      }\r\n\r\n      const event2 = await eventRepo.findOne({ \r\n        \"name\": \"Evento2\",\r\n        \"donation_link\": \"www.donationlink.com\",\r\n        \"start\": \"2021-01-01\",\r\n        \"end\": \"2021-01-10\"\r\n      });\r\n\r\n      assert.equal(resp, JSON.stringify({\"status\":200,\"msg\":\"updateEvent\",\"data\":[{\"id\":event2?.id,\"name\":\"Evento2\",\"donation_link\":\"www.donationlink.com\",\"active\":\"N\",\"start\":\"2021-01-01\",\"end\":\"2021-01-10\"}],\"type\":\"adminBroadcast\"}));\r\n\r\n      if(event2) eventRepo.delete(event2.id);\r\n    });\r\n    it('API.update should return a server error when a invalid input is received', async function(){\r\n      await API.create(\"Evento\", \"www.donationlink.com\", \"2021-01-01\", \"2021-01-10\");\r\n      const eventRepo = getRepository(Event);\r\n      const event = await eventRepo.findOne({ \r\n        \"name\": \"Evento\",\r\n        \"donation_link\": \"www.donationlink.com\",\r\n        \"start\": \"2021-01-01\",\r\n        \"end\": \"2021-01-10\"\r\n      });\r\n\r\n      let resp;\r\n      if(event){\r\n        resp = JSON.stringify(await API.update(String(event.id), \"Evento2\", \"www.donationlink.com\", \"\", \"2021-01-10\"));\r\n      }\r\n      \r\n      assert.equal(resp, JSON.stringify({\"status\": 403, \"msg\": \"Server error\"}));\r\n    });\r\n  });\r\n});"]},"_coverageSchema":"1a1c01bbd47fc00a2c39e90264f33305004495a9","hash":"5a56c97e0b7e2876fb4c38fcd3aa6184d679b130","contentHash":"9f95b719bd849eaae94061e45762728dd628670aacd4922a06015ca2788e8a1d"},"D:\\Projects\\JewelSystemsGit\\api-ts-migration\\brat-api\\src\\api\\event.ts":{"path":"D:\\Projects\\JewelSystemsGit\\api-ts-migration\\brat-api\\src\\api\\event.ts","statementMap":{"0":{"start":{"line":2,"column":16},"end":{"line":10,"column":1}},"1":{"start":{"line":3,"column":28},"end":{"line":3,"column":110}},"2":{"start":{"line":3,"column":91},"end":{"line":3,"column":106}},"3":{"start":{"line":4,"column":4},"end":{"line":9,"column":7}},"4":{"start":{"line":5,"column":36},"end":{"line":5,"column":97}},"5":{"start":{"line":5,"column":42},"end":{"line":5,"column":70}},"6":{"start":{"line":5,"column":85},"end":{"line":5,"column":95}},"7":{"start":{"line":6,"column":35},"end":{"line":6,"column":100}},"8":{"start":{"line":6,"column":41},"end":{"line":6,"column":73}},"9":{"start":{"line":6,"column":88},"end":{"line":6,"column":98}},"10":{"start":{"line":7,"column":32},"end":{"line":7,"column":116}},"11":{"start":{"line":8,"column":8},"end":{"line":8,"column":78}},"12":{"start":{"line":11,"column":22},"end":{"line":13,"column":1}},"13":{"start":{"line":12,"column":4},"end":{"line":12,"column":62}},"14":{"start":{"line":14,"column":0},"end":{"line":14,"column":62}},"15":{"start":{"line":15,"column":16},"end":{"line":15,"column":63}},"16":{"start":{"line":16,"column":0},"end":{"line":57,"column":2}},"17":{"start":{"line":18,"column":8},"end":{"line":25,"column":11}},"18":{"start":{"line":19,"column":27},"end":{"line":19,"column":60}},"19":{"start":{"line":20,"column":12},"end":{"line":22,"column":13}},"20":{"start":{"line":21,"column":16},"end":{"line":21,"column":64}},"21":{"start":{"line":24,"column":12},"end":{"line":24,"column":83}},"22":{"start":{"line":28,"column":8},"end":{"line":35,"column":11}},"23":{"start":{"line":29,"column":27},"end":{"line":29,"column":69}},"24":{"start":{"line":30,"column":12},"end":{"line":32,"column":13}},"25":{"start":{"line":31,"column":16},"end":{"line":31,"column":64}},"26":{"start":{"line":34,"column":12},"end":{"line":34,"column":116}},"27":{"start":{"line":38,"column":8},"end":{"line":45,"column":11}},"28":{"start":{"line":39,"column":27},"end":{"line":39,"column":91}},"29":{"start":{"line":40,"column":12},"end":{"line":42,"column":13}},"30":{"start":{"line":41,"column":16},"end":{"line":41,"column":64}},"31":{"start":{"line":44,"column":12},"end":{"line":44,"column":111}},"32":{"start":{"line":48,"column":8},"end":{"line":55,"column":11}},"33":{"start":{"line":49,"column":27},"end":{"line":49,"column":87}},"34":{"start":{"line":50,"column":12},"end":{"line":52,"column":13}},"35":{"start":{"line":51,"column":16},"end":{"line":51,"column":64}},"36":{"start":{"line":54,"column":12},"end":{"line":54,"column":111}}},"fnMap":{"0":{"name":"(anonymous_0)","decl":{"start":{"line":2,"column":44},"end":{"line":2,"column":45}},"loc":{"start":{"line":2,"column":89},"end":{"line":10,"column":1}},"line":2},"1":{"name":"adopt","decl":{"start":{"line":3,"column":13},"end":{"line":3,"column":18}},"loc":{"start":{"line":3,"column":26},"end":{"line":3,"column":112}},"line":3},"2":{"name":"(anonymous_2)","decl":{"start":{"line":3,"column":70},"end":{"line":3,"column":71}},"loc":{"start":{"line":3,"column":89},"end":{"line":3,"column":108}},"line":3},"3":{"name":"(anonymous_3)","decl":{"start":{"line":4,"column":36},"end":{"line":4,"column":37}},"loc":{"start":{"line":4,"column":63},"end":{"line":9,"column":5}},"line":4},"4":{"name":"fulfilled","decl":{"start":{"line":5,"column":17},"end":{"line":5,"column":26}},"loc":{"start":{"line":5,"column":34},"end":{"line":5,"column":99}},"line":5},"5":{"name":"rejected","decl":{"start":{"line":6,"column":17},"end":{"line":6,"column":25}},"loc":{"start":{"line":6,"column":33},"end":{"line":6,"column":102}},"line":6},"6":{"name":"step","decl":{"start":{"line":7,"column":17},"end":{"line":7,"column":21}},"loc":{"start":{"line":7,"column":30},"end":{"line":7,"column":118}},"line":7},"7":{"name":"(anonymous_7)","decl":{"start":{"line":11,"column":56},"end":{"line":11,"column":57}},"loc":{"start":{"line":11,"column":71},"end":{"line":13,"column":1}},"line":11},"8":{"name":"(anonymous_8)","decl":{"start":{"line":17,"column":4},"end":{"line":17,"column":5}},"loc":{"start":{"line":17,"column":16},"end":{"line":26,"column":5}},"line":17},"9":{"name":"(anonymous_9)","decl":{"start":{"line":18,"column":47},"end":{"line":18,"column":48}},"loc":{"start":{"line":18,"column":60},"end":{"line":25,"column":9}},"line":18},"10":{"name":"(anonymous_10)","decl":{"start":{"line":27,"column":4},"end":{"line":27,"column":5}},"loc":{"start":{"line":27,"column":25},"end":{"line":36,"column":5}},"line":27},"11":{"name":"(anonymous_11)","decl":{"start":{"line":28,"column":47},"end":{"line":28,"column":48}},"loc":{"start":{"line":28,"column":60},"end":{"line":35,"column":9}},"line":28},"12":{"name":"(anonymous_12)","decl":{"start":{"line":37,"column":4},"end":{"line":37,"column":5}},"loc":{"start":{"line":37,"column":47},"end":{"line":46,"column":5}},"line":37},"13":{"name":"(anonymous_13)","decl":{"start":{"line":38,"column":47},"end":{"line":38,"column":48}},"loc":{"start":{"line":38,"column":60},"end":{"line":45,"column":9}},"line":38},"14":{"name":"(anonymous_14)","decl":{"start":{"line":47,"column":4},"end":{"line":47,"column":5}},"loc":{"start":{"line":47,"column":43},"end":{"line":56,"column":5}},"line":47},"15":{"name":"(anonymous_15)","decl":{"start":{"line":48,"column":47},"end":{"line":48,"column":48}},"loc":{"start":{"line":48,"column":60},"end":{"line":55,"column":9}},"line":48}},"branchMap":{"0":{"loc":{"start":{"line":2,"column":16},"end":{"line":10,"column":1}},"type":"binary-expr","locations":[{"start":{"line":2,"column":17},"end":{"line":2,"column":21}},{"start":{"line":2,"column":25},"end":{"line":2,"column":39}},{"start":{"line":2,"column":44},"end":{"line":10,"column":1}}],"line":2},"1":{"loc":{"start":{"line":3,"column":35},"end":{"line":3,"column":109}},"type":"cond-expr","locations":[{"start":{"line":3,"column":56},"end":{"line":3,"column":61}},{"start":{"line":3,"column":64},"end":{"line":3,"column":109}}],"line":3},"2":{"loc":{"start":{"line":4,"column":16},"end":{"line":4,"column":34}},"type":"binary-expr","locations":[{"start":{"line":4,"column":16},"end":{"line":4,"column":17}},{"start":{"line":4,"column":22},"end":{"line":4,"column":33}}],"line":4},"3":{"loc":{"start":{"line":7,"column":32},"end":{"line":7,"column":115}},"type":"cond-expr","locations":[{"start":{"line":7,"column":46},"end":{"line":7,"column":67}},{"start":{"line":7,"column":70},"end":{"line":7,"column":115}}],"line":7},"4":{"loc":{"start":{"line":8,"column":51},"end":{"line":8,"column":67}},"type":"binary-expr","locations":[{"start":{"line":8,"column":51},"end":{"line":8,"column":61}},{"start":{"line":8,"column":65},"end":{"line":8,"column":67}}],"line":8},"5":{"loc":{"start":{"line":11,"column":22},"end":{"line":13,"column":1}},"type":"binary-expr","locations":[{"start":{"line":11,"column":23},"end":{"line":11,"column":27}},{"start":{"line":11,"column":31},"end":{"line":11,"column":51}},{"start":{"line":11,"column":56},"end":{"line":13,"column":1}}],"line":11},"6":{"loc":{"start":{"line":12,"column":11},"end":{"line":12,"column":61}},"type":"cond-expr","locations":[{"start":{"line":12,"column":37},"end":{"line":12,"column":40}},{"start":{"line":12,"column":43},"end":{"line":12,"column":61}}],"line":12},"7":{"loc":{"start":{"line":12,"column":12},"end":{"line":12,"column":33}},"type":"binary-expr","locations":[{"start":{"line":12,"column":12},"end":{"line":12,"column":15}},{"start":{"line":12,"column":19},"end":{"line":12,"column":33}}],"line":12},"8":{"loc":{"start":{"line":20,"column":12},"end":{"line":22,"column":13}},"type":"if","locations":[{"start":{"line":20,"column":12},"end":{"line":22,"column":13}},{"start":{"line":20,"column":12},"end":{"line":22,"column":13}}],"line":20},"9":{"loc":{"start":{"line":30,"column":12},"end":{"line":32,"column":13}},"type":"if","locations":[{"start":{"line":30,"column":12},"end":{"line":32,"column":13}},{"start":{"line":30,"column":12},"end":{"line":32,"column":13}}],"line":30},"10":{"loc":{"start":{"line":40,"column":12},"end":{"line":42,"column":13}},"type":"if","locations":[{"start":{"line":40,"column":12},"end":{"line":42,"column":13}},{"start":{"line":40,"column":12},"end":{"line":42,"column":13}}],"line":40},"11":{"loc":{"start":{"line":50,"column":12},"end":{"line":52,"column":13}},"type":"if","locations":[{"start":{"line":50,"column":12},"end":{"line":52,"column":13}},{"start":{"line":50,"column":12},"end":{"line":52,"column":13}}],"line":50}},"s":{"0":1,"1":6,"2":0,"3":6,"4":6,"5":6,"6":0,"7":0,"8":0,"9":0,"10":12,"11":6,"12":1,"13":1,"14":1,"15":1,"16":1,"17":0,"18":0,"19":0,"20":0,"21":0,"22":0,"23":0,"24":0,"25":0,"26":0,"27":2,"28":2,"29":2,"30":1,"31":1,"32":4,"33":4,"34":4,"35":1,"36":3},"f":{"0":6,"1":6,"2":0,"3":6,"4":6,"5":0,"6":12,"7":1,"8":0,"9":0,"10":0,"11":0,"12":2,"13":2,"14":4,"15":4},"b":{"0":[1,1,1],"1":[6,0],"2":[6,6],"3":[6,6],"4":[6,6],"5":[1,1,1],"6":[1,0],"7":[1,1],"8":[0,0],"9":[0,0],"10":[1,1],"11":[1,3]},"inputSourceMap":{"version":3,"file":"D:/Projects/JewelSystemsGit/api-ts-migration/brat-api/src/api/event.ts","sources":["D:/Projects/JewelSystemsGit/api-ts-migration/brat-api/src/api/event.ts"],"names":[],"mappings":";;;;;;;;;;;;;;AAAA,gEAA6C;AAS7C,kBAAe;IACP,SAAS;;YACb,IAAI,QAAQ,GAAG,MAAM,eAAU,CAAC,SAAS,EAAE,CAAC;YAC5C,IAAI,QAAQ,CAAC,KAAK,EAAE;gBAClB,OAAO,EAAC,QAAQ,EAAE,GAAG,EAAE,KAAK,EAAE,QAAQ,CAAC,KAAK,EAAC,CAAC;aAC/C;YACD,oBAAoB;YACpB,OAAO,EAAC,QAAQ,EAAE,GAAG,EAAE,KAAK,EAAE,WAAW,EAAE,IAAI,EAAC,CAAC,QAAQ,CAAC,OAAO,CAAC,EAAC,CAAC;QACtE,CAAC;KAAA;IAEK,gBAAgB,CAAC,EAAU;;YAC/B,IAAI,QAAQ,GAAG,MAAM,eAAU,CAAC,gBAAgB,CAAC,EAAE,CAAC,CAAC;YACrD,IAAI,QAAQ,CAAC,KAAK,EAAE;gBAClB,OAAO,EAAC,QAAQ,EAAE,GAAG,EAAE,KAAK,EAAE,QAAQ,CAAC,KAAK,EAAC,CAAC;aAC/C;YACD,oBAAoB;YACpB,OAAO,EAAC,QAAQ,EAAE,GAAG,EAAE,KAAK,EAAE,kBAAkB,EAAE,IAAI,EAAC,CAAC,QAAQ,CAAC,OAAO,CAAC,EAAE,MAAM,EAAE,gBAAgB,EAAC,CAAC;QACvG,CAAC;KAAA;IAEK,MAAM,CAAC,EAAU,EAAE,IAAY,EAAE,YAAoB,EAAE,KAAa,EAAE,GAAW;;YACrF,IAAI,QAAQ,GAAG,MAAM,eAAU,CAAC,MAAM,CAAC,EAAE,EAAE,IAAI,EAAE,YAAY,EAAE,KAAK,EAAE,GAAG,CAAC,CAAC;YAC3E,IAAI,QAAQ,CAAC,KAAK,EAAE;gBAClB,OAAO,EAAC,QAAQ,EAAE,GAAG,EAAE,KAAK,EAAE,QAAQ,CAAC,KAAK,EAAC,CAAC;aAC/C;YACD,oBAAoB;YACpB,OAAO,EAAC,QAAQ,EAAE,GAAG,EAAE,KAAK,EAAE,aAAa,EAAE,IAAI,EAAC,CAAC,QAAQ,CAAC,OAAO,CAAC,EAAE,MAAM,EAAE,gBAAgB,EAAC,CAAC;QAClG,CAAC;KAAA;IAEK,MAAM,CAAC,IAAY,EAAE,YAAoB,EAAE,KAAa,EAAE,GAAW;;YACzE,IAAI,QAAQ,GAAG,MAAM,eAAU,CAAC,MAAM,CAAC,IAAI,EAAE,YAAY,EAAE,KAAK,EAAE,GAAG,CAAC,CAAC;YACvE,IAAI,QAAQ,CAAC,KAAK,EAAE;gBAClB,OAAO,EAAC,QAAQ,EAAE,GAAG,EAAE,KAAK,EAAE,QAAQ,CAAC,KAAK,EAAC,CAAC;aAC/C;YACD,oBAAoB;YACpB,OAAO,EAAC,QAAQ,EAAE,GAAG,EAAE,KAAK,EAAE,aAAa,EAAE,IAAI,EAAC,CAAC,QAAQ,CAAC,OAAO,CAAC,EAAE,MAAM,EAAE,gBAAgB,EAAC,CAAC;QAClG,CAAC;KAAA;CACF,CAAC","sourcesContent":["import Controller from '../controller/event';\r\n\r\ninterface APIResponse{\r\n  status: number;\r\n  msg: string;\r\n  data?: any;\r\n  type?: string;\r\n}\r\n\r\nexport default {\r\n  async getEvents(): Promise<APIResponse>{\r\n    let response = await Controller.getEvents();\r\n    if (response.error) {\r\n      return {\"status\": 403, \"msg\": response.error};\r\n    }\r\n    //Successful request\r\n    return {\"status\": 200, \"msg\": \"listGames\", data:[response.success]};\r\n  },\r\n\r\n  async updateEventState(id: string): Promise<APIResponse> {\r\n    let response = await Controller.updateEventState(id);\r\n    if (response.error) {\r\n      return {\"status\": 403, \"msg\": response.error};\r\n    }\r\n    //Successful request\r\n    return {\"status\": 200, \"msg\": \"updateEventState\", data:[response.success], \"type\": \"adminBroadcast\"};\r\n  },\r\n\r\n  async update(id: string, name: string, donationLink: string, start: string, end: string): Promise<APIResponse> {\r\n    let response = await Controller.update(id, name, donationLink, start, end);\r\n    if (response.error) {\r\n      return {\"status\": 403, \"msg\": response.error};\r\n    }\r\n    //Successful request\r\n    return {\"status\": 200, \"msg\": \"updateEvent\", data:[response.success], \"type\": \"adminBroadcast\"};\r\n  },\r\n\r\n  async create(name: string, donationLink: string, start: string, end: string): Promise<APIResponse> {\r\n    let response = await Controller.create(name, donationLink, start, end);\r\n    if (response.error) {\r\n      return {\"status\": 403, \"msg\": response.error};\r\n    }\r\n    //Successful request\r\n    return {\"status\": 200, \"msg\": \"createEvent\", data:[response.success], \"type\": \"adminBroadcast\"};\r\n  }\r\n};"]},"_coverageSchema":"1a1c01bbd47fc00a2c39e90264f33305004495a9","hash":"06df83d092f51bf4d232acd5b07966b88e7ef32f","contentHash":"d2e6696806c5d0951f7cbd2d6bd51bf90875c27d0971cb623d7a51f30facfbdd"},"D:\\Projects\\JewelSystemsGit\\api-ts-migration\\brat-api\\src\\controller\\event.ts":{"path":"D:\\Projects\\JewelSystemsGit\\api-ts-migration\\brat-api\\src\\controller\\event.ts","statementMap":{"0":{"start":{"line":2,"column":16},"end":{"line":10,"column":1}},"1":{"start":{"line":3,"column":28},"end":{"line":3,"column":110}},"2":{"start":{"line":3,"column":91},"end":{"line":3,"column":106}},"3":{"start":{"line":4,"column":4},"end":{"line":9,"column":7}},"4":{"start":{"line":5,"column":36},"end":{"line":5,"column":97}},"5":{"start":{"line":5,"column":42},"end":{"line":5,"column":70}},"6":{"start":{"line":5,"column":85},"end":{"line":5,"column":95}},"7":{"start":{"line":6,"column":35},"end":{"line":6,"column":100}},"8":{"start":{"line":6,"column":41},"end":{"line":6,"column":73}},"9":{"start":{"line":6,"column":88},"end":{"line":6,"column":98}},"10":{"start":{"line":7,"column":32},"end":{"line":7,"column":116}},"11":{"start":{"line":8,"column":8},"end":{"line":8,"column":78}},"12":{"start":{"line":11,"column":22},"end":{"line":13,"column":1}},"13":{"start":{"line":12,"column":4},"end":{"line":12,"column":62}},"14":{"start":{"line":14,"column":0},"end":{"line":14,"column":62}},"15":{"start":{"line":15,"column":17},"end":{"line":15,"column":62}},"16":{"start":{"line":16,"column":17},"end":{"line":16,"column":51}},"17":{"start":{"line":17,"column":18},"end":{"line":17,"column":36}},"18":{"start":{"line":18,"column":16},"end":{"line":18,"column":59}},"19":{"start":{"line":19,"column":0},"end":{"line":112,"column":2}},"20":{"start":{"line":21,"column":8},"end":{"line":36,"column":11}},"21":{"start":{"line":22,"column":12},"end":{"line":22,"column":77}},"22":{"start":{"line":23,"column":12},"end":{"line":35,"column":13}},"23":{"start":{"line":24,"column":41},"end":{"line":24,"column":81}},"24":{"start":{"line":25,"column":31},"end":{"line":25,"column":60}},"25":{"start":{"line":26,"column":16},"end":{"line":29,"column":17}},"26":{"start":{"line":27,"column":20},"end":{"line":27,"column":85}},"27":{"start":{"line":28,"column":20},"end":{"line":28,"column":81}},"28":{"start":{"line":30,"column":16},"end":{"line":30,"column":43}},"29":{"start":{"line":33,"column":16},"end":{"line":33,"column":84}},"30":{"start":{"line":34,"column":16},"end":{"line":34,"column":49}},"31":{"start":{"line":39,"column":8},"end":{"line":65,"column":11}},"32":{"start":{"line":40,"column":12},"end":{"line":40,"column":81}},"33":{"start":{"line":42,"column":12},"end":{"line":64,"column":13}},"34":{"start":{"line":43,"column":40},"end":{"line":43,"column":80}},"35":{"start":{"line":44,"column":30},"end":{"line":44,"column":79}},"36":{"start":{"line":45,"column":29},"end":{"line":48,"column":17}},"37":{"start":{"line":49,"column":16},"end":{"line":58,"column":17}},"38":{"start":{"line":50,"column":20},"end":{"line":57,"column":21}},"39":{"start":{"line":51,"column":24},"end":{"line":51,"column":82}},"40":{"start":{"line":52,"column":24},"end":{"line":52,"column":42}},"41":{"start":{"line":54,"column":25},"end":{"line":57,"column":21}},"42":{"start":{"line":55,"column":24},"end":{"line":55,"column":82}},"43":{"start":{"line":56,"column":24},"end":{"line":56,"column":42}},"44":{"start":{"line":59,"column":16},"end":{"line":59,"column":41}},"45":{"start":{"line":62,"column":16},"end":{"line":62,"column":84}},"46":{"start":{"line":63,"column":16},"end":{"line":63,"column":49}},"47":{"start":{"line":68,"column":8},"end":{"line":89,"column":11}},"48":{"start":{"line":69,"column":12},"end":{"line":69,"column":75}},"49":{"start":{"line":70,"column":12},"end":{"line":88,"column":13}},"50":{"start":{"line":71,"column":40},"end":{"line":71,"column":80}},"51":{"start":{"line":72,"column":16},"end":{"line":77,"column":19}},"52":{"start":{"line":78,"column":30},"end":{"line":78,"column":71}},"53":{"start":{"line":79,"column":16},"end":{"line":82,"column":17}},"54":{"start":{"line":80,"column":20},"end":{"line":80,"column":85}},"55":{"start":{"line":81,"column":20},"end":{"line":81,"column":81}},"56":{"start":{"line":83,"column":16},"end":{"line":83,"column":42}},"57":{"start":{"line":86,"column":16},"end":{"line":86,"column":84}},"58":{"start":{"line":87,"column":16},"end":{"line":87,"column":49}},"59":{"start":{"line":92,"column":8},"end":{"line":110,"column":11}},"60":{"start":{"line":93,"column":12},"end":{"line":93,"column":75}},"61":{"start":{"line":94,"column":12},"end":{"line":109,"column":13}},"62":{"start":{"line":95,"column":40},"end":{"line":95,"column":80}},"63":{"start":{"line":96,"column":30},"end":{"line":102,"column":18}},"64":{"start":{"line":103,"column":16},"end":{"line":103,"column":50}},"65":{"start":{"line":104,"column":16},"end":{"line":104,"column":42}},"66":{"start":{"line":107,"column":16},"end":{"line":107,"column":84}},"67":{"start":{"line":108,"column":16},"end":{"line":108,"column":49}}},"fnMap":{"0":{"name":"(anonymous_0)","decl":{"start":{"line":2,"column":44},"end":{"line":2,"column":45}},"loc":{"start":{"line":2,"column":89},"end":{"line":10,"column":1}},"line":2},"1":{"name":"adopt","decl":{"start":{"line":3,"column":13},"end":{"line":3,"column":18}},"loc":{"start":{"line":3,"column":26},"end":{"line":3,"column":112}},"line":3},"2":{"name":"(anonymous_2)","decl":{"start":{"line":3,"column":70},"end":{"line":3,"column":71}},"loc":{"start":{"line":3,"column":89},"end":{"line":3,"column":108}},"line":3},"3":{"name":"(anonymous_3)","decl":{"start":{"line":4,"column":36},"end":{"line":4,"column":37}},"loc":{"start":{"line":4,"column":63},"end":{"line":9,"column":5}},"line":4},"4":{"name":"fulfilled","decl":{"start":{"line":5,"column":17},"end":{"line":5,"column":26}},"loc":{"start":{"line":5,"column":34},"end":{"line":5,"column":99}},"line":5},"5":{"name":"rejected","decl":{"start":{"line":6,"column":17},"end":{"line":6,"column":25}},"loc":{"start":{"line":6,"column":33},"end":{"line":6,"column":102}},"line":6},"6":{"name":"step","decl":{"start":{"line":7,"column":17},"end":{"line":7,"column":21}},"loc":{"start":{"line":7,"column":30},"end":{"line":7,"column":118}},"line":7},"7":{"name":"(anonymous_7)","decl":{"start":{"line":11,"column":56},"end":{"line":11,"column":57}},"loc":{"start":{"line":11,"column":71},"end":{"line":13,"column":1}},"line":11},"8":{"name":"(anonymous_8)","decl":{"start":{"line":20,"column":4},"end":{"line":20,"column":5}},"loc":{"start":{"line":20,"column":16},"end":{"line":37,"column":5}},"line":20},"9":{"name":"(anonymous_9)","decl":{"start":{"line":21,"column":47},"end":{"line":21,"column":48}},"loc":{"start":{"line":21,"column":60},"end":{"line":36,"column":9}},"line":21},"10":{"name":"(anonymous_10)","decl":{"start":{"line":38,"column":4},"end":{"line":38,"column":5}},"loc":{"start":{"line":38,"column":25},"end":{"line":66,"column":5}},"line":38},"11":{"name":"(anonymous_11)","decl":{"start":{"line":39,"column":47},"end":{"line":39,"column":48}},"loc":{"start":{"line":39,"column":60},"end":{"line":65,"column":9}},"line":39},"12":{"name":"(anonymous_12)","decl":{"start":{"line":67,"column":4},"end":{"line":67,"column":5}},"loc":{"start":{"line":67,"column":47},"end":{"line":90,"column":5}},"line":67},"13":{"name":"(anonymous_13)","decl":{"start":{"line":68,"column":47},"end":{"line":68,"column":48}},"loc":{"start":{"line":68,"column":60},"end":{"line":89,"column":9}},"line":68},"14":{"name":"(anonymous_14)","decl":{"start":{"line":91,"column":4},"end":{"line":91,"column":5}},"loc":{"start":{"line":91,"column":43},"end":{"line":111,"column":5}},"line":91},"15":{"name":"(anonymous_15)","decl":{"start":{"line":92,"column":47},"end":{"line":92,"column":48}},"loc":{"start":{"line":92,"column":60},"end":{"line":110,"column":9}},"line":92}},"branchMap":{"0":{"loc":{"start":{"line":2,"column":16},"end":{"line":10,"column":1}},"type":"binary-expr","locations":[{"start":{"line":2,"column":17},"end":{"line":2,"column":21}},{"start":{"line":2,"column":25},"end":{"line":2,"column":39}},{"start":{"line":2,"column":44},"end":{"line":10,"column":1}}],"line":2},"1":{"loc":{"start":{"line":3,"column":35},"end":{"line":3,"column":109}},"type":"cond-expr","locations":[{"start":{"line":3,"column":56},"end":{"line":3,"column":61}},{"start":{"line":3,"column":64},"end":{"line":3,"column":109}}],"line":3},"2":{"loc":{"start":{"line":4,"column":16},"end":{"line":4,"column":34}},"type":"binary-expr","locations":[{"start":{"line":4,"column":16},"end":{"line":4,"column":17}},{"start":{"line":4,"column":22},"end":{"line":4,"column":33}}],"line":4},"3":{"loc":{"start":{"line":7,"column":32},"end":{"line":7,"column":115}},"type":"cond-expr","locations":[{"start":{"line":7,"column":46},"end":{"line":7,"column":67}},{"start":{"line":7,"column":70},"end":{"line":7,"column":115}}],"line":7},"4":{"loc":{"start":{"line":8,"column":51},"end":{"line":8,"column":67}},"type":"binary-expr","locations":[{"start":{"line":8,"column":51},"end":{"line":8,"column":61}},{"start":{"line":8,"column":65},"end":{"line":8,"column":67}}],"line":8},"5":{"loc":{"start":{"line":11,"column":22},"end":{"line":13,"column":1}},"type":"binary-expr","locations":[{"start":{"line":11,"column":23},"end":{"line":11,"column":27}},{"start":{"line":11,"column":31},"end":{"line":11,"column":51}},{"start":{"line":11,"column":56},"end":{"line":13,"column":1}}],"line":11},"6":{"loc":{"start":{"line":12,"column":11},"end":{"line":12,"column":61}},"type":"cond-expr","locations":[{"start":{"line":12,"column":37},"end":{"line":12,"column":40}},{"start":{"line":12,"column":43},"end":{"line":12,"column":61}}],"line":12},"7":{"loc":{"start":{"line":12,"column":12},"end":{"line":12,"column":33}},"type":"binary-expr","locations":[{"start":{"line":12,"column":12},"end":{"line":12,"column":15}},{"start":{"line":12,"column":19},"end":{"line":12,"column":33}}],"line":12},"8":{"loc":{"start":{"line":49,"column":16},"end":{"line":58,"column":17}},"type":"if","locations":[{"start":{"line":49,"column":16},"end":{"line":58,"column":17}},{"start":{"line":49,"column":16},"end":{"line":58,"column":17}}],"line":49},"9":{"loc":{"start":{"line":50,"column":20},"end":{"line":57,"column":21}},"type":"if","locations":[{"start":{"line":50,"column":20},"end":{"line":57,"column":21}},{"start":{"line":50,"column":20},"end":{"line":57,"column":21}}],"line":50},"10":{"loc":{"start":{"line":54,"column":25},"end":{"line":57,"column":21}},"type":"if","locations":[{"start":{"line":54,"column":25},"end":{"line":57,"column":21}},{"start":{"line":54,"column":25},"end":{"line":57,"column":21}}],"line":54},"11":{"loc":{"start":{"line":79,"column":16},"end":{"line":82,"column":17}},"type":"if","locations":[{"start":{"line":79,"column":16},"end":{"line":82,"column":17}},{"start":{"line":79,"column":16},"end":{"line":82,"column":17}}],"line":79}},"s":{"0":1,"1":7,"2":0,"3":6,"4":5,"5":5,"6":0,"7":2,"8":2,"9":0,"10":13,"11":6,"12":1,"13":3,"14":1,"15":1,"16":1,"17":1,"18":1,"19":1,"20":0,"21":0,"22":0,"23":0,"24":0,"25":0,"26":0,"27":0,"28":0,"29":0,"30":0,"31":0,"32":0,"33":0,"34":0,"35":0,"36":0,"37":0,"38":0,"39":0,"40":0,"41":0,"42":0,"43":0,"44":0,"45":0,"46":0,"47":2,"48":2,"49":2,"50":2,"51":2,"52":1,"53":1,"54":1,"55":1,"56":1,"57":1,"58":1,"59":4,"60":4,"61":4,"62":4,"63":4,"64":4,"65":3,"66":1,"67":1},"f":{"0":6,"1":7,"2":0,"3":6,"4":5,"5":2,"6":13,"7":3,"8":0,"9":0,"10":0,"11":0,"12":2,"13":2,"14":4,"15":4},"b":{"0":[1,1,1],"1":[7,0],"2":[6,6],"3":[6,7],"4":[6,6],"5":[1,1,1],"6":[2,1],"7":[3,3],"8":[0,0],"9":[0,0],"10":[0,0],"11":[1,0]},"inputSourceMap":{"version":3,"file":"D:/Projects/JewelSystemsGit/api-ts-migration/brat-api/src/controller/event.ts","sources":["D:/Projects/JewelSystemsGit/api-ts-migration/brat-api/src/controller/event.ts"],"names":[],"mappings":";;;;;;;;;;;;;;AAAA,+DAAuC;AACvC,oDAA4B;AAC5B,qCAAwC;AACxC,4DAAoC;AAOpC,kBAAc;IACN,SAAS;;YACb,gBAAM,CAAC,GAAG,CAAC,MAAM,EAAE,kCAAkC,CAAC,CAAC;YACvD,IAAG;gBAED,MAAM,gBAAgB,GAAG,uBAAa,CAAC,eAAK,CAAC,CAAC;gBAE9C,MAAM,MAAM,GAAG,MAAM,gBAAgB,CAAC,IAAI,EAAE,CAAC;gBAE7C,KAAI,IAAI,KAAK,IAAI,MAAM,EAAC;oBACtB,KAAK,CAAC,KAAK,GAAG,gBAAM,CAAC,KAAK,CAAC,KAAK,CAAC,CAAC,MAAM,CAAC,YAAY,CAAC,CAAC;oBACvD,KAAK,CAAC,GAAG,GAAG,gBAAM,CAAC,KAAK,CAAC,GAAG,CAAC,CAAC,MAAM,CAAC,YAAY,CAAC,CAAC;iBACpD;gBAED,OAAO,EAAE,OAAO,EAAE,MAAM,EAAE,CAAC;aAC5B;YAAA,OAAM,KAAK,EAAC;gBACX,gBAAM,CAAC,GAAG,CAAC,OAAO,EAAE,YAAY,GAAG,IAAI,CAAC,SAAS,CAAC,KAAK,CAAC,CAAC,CAAC;gBAC1D,OAAO,EAAC,KAAK,EAAE,cAAc,EAAC,CAAC;aAChC;QACH,CAAC;KAAA;IAEK,gBAAgB,CAAC,EAAU;;YAC/B,gBAAM,CAAC,GAAG,CAAC,MAAM,EAAE,sCAAsC,CAAC,CAAC;YAC3D,qBAAqB;YACrB,IAAG;gBACD,MAAM,eAAe,GAAG,uBAAa,CAAC,eAAK,CAAC,CAAC;gBAE7C,MAAM,KAAK,GAAG,MAAM,eAAe,CAAC,OAAO,CAAC,EAAE,EAAE,EAAE,MAAM,CAAC,EAAE,CAAC,EAAE,CAAC,CAAC;gBAChE,MAAM,IAAI,GAAG;oBACX,IAAI,EAAE,EAAE;oBACR,QAAQ,EAAE,EAAE;iBACb,CAAC;gBAEF,IAAG,KAAK,EAAC;oBACP,IAAG,KAAK,CAAC,MAAM,KAAK,GAAG,EAAC;wBACtB,MAAM,eAAe,CAAC,MAAM,CAAC,MAAM,CAAC,EAAE,CAAC,EAAE,EAAE,MAAM,EAAE,GAAG,EAAC,CAAC,CAAC;wBACzD,IAAI,CAAC,MAAM,GAAG,GAAG,CAAC;qBACnB;yBAAK,IAAG,KAAK,CAAC,MAAM,KAAK,GAAG,EAAC;wBAC5B,MAAM,eAAe,CAAC,MAAM,CAAC,MAAM,CAAC,EAAE,CAAC,EAAE,EAAE,MAAM,EAAE,GAAG,EAAC,CAAC,CAAC;wBACzD,IAAI,CAAC,MAAM,GAAG,GAAG,CAAC;qBACnB;iBACF;gBAED,OAAO,EAAC,OAAO,EAAE,IAAI,EAAC,CAAC;aACxB;YAAA,OAAM,KAAK,EAAC;gBACX,gBAAM,CAAC,GAAG,CAAC,OAAO,EAAE,YAAY,GAAG,IAAI,CAAC,SAAS,CAAC,KAAK,CAAC,CAAC,CAAC;gBAC1D,OAAO,EAAC,KAAK,EAAE,cAAc,EAAC,CAAC;aAChC;QACH,CAAC;KAAA;IAEK,MAAM,CAAC,EAAU,EAAE,IAAY,EAAE,YAAoB,EAAE,KAAa,EAAE,GAAW;;YACrF,gBAAM,CAAC,GAAG,CAAC,MAAM,EAAE,gCAAgC,CAAC,CAAC;YACrD,IAAG;gBACD,MAAM,eAAe,GAAG,uBAAa,CAAC,eAAK,CAAC,CAAC;gBAE7C,MAAM,eAAe,CAAC,MAAM,CAAC,MAAM,CAAC,EAAE,CAAC,EAAE;oBACvC,IAAI,EAAE,IAAI;oBACV,aAAa,EAAE,YAAY;oBAC3B,KAAK,EAAE,KAAK;oBACZ,GAAG,EAAE,GAAG;iBACT,CAAC,CAAC;gBAEH,MAAM,KAAK,GAAG,MAAM,eAAe,CAAC,OAAO,CAAC,MAAM,CAAC,EAAE,CAAC,CAAC,CAAC;gBACxD,IAAG,KAAK,EAAC;oBACP,KAAK,CAAC,KAAK,GAAG,gBAAM,CAAC,KAAK,CAAC,KAAK,CAAC,CAAC,MAAM,CAAC,YAAY,CAAC,CAAC;oBACvD,KAAK,CAAC,GAAG,GAAG,gBAAM,CAAC,KAAK,CAAC,GAAG,CAAC,CAAC,MAAM,CAAC,YAAY,CAAC,CAAC;iBACpD;gBAED,OAAO,EAAC,OAAO,EAAE,KAAK,EAAC,CAAC;aACzB;YAAA,OAAM,KAAK,EAAC;gBACX,gBAAM,CAAC,GAAG,CAAC,OAAO,EAAE,YAAY,GAAG,IAAI,CAAC,SAAS,CAAC,KAAK,CAAC,CAAC,CAAC;gBAC1D,OAAO,EAAC,KAAK,EAAE,cAAc,EAAC,CAAC;aAChC;QACH,CAAC;KAAA;IAEK,MAAM,CAAC,IAAY,EAAE,YAAoB,EAAE,KAAa,EAAE,GAAW;;YACzE,gBAAM,CAAC,GAAG,CAAC,MAAM,EAAE,gCAAgC,CAAC,CAAC;YACrD,IAAG;gBACD,MAAM,eAAe,GAAG,uBAAa,CAAC,eAAK,CAAC,CAAC;gBAE7C,MAAM,KAAK,GAAG,eAAe,CAAC,MAAM,CAAC;oBACnC,IAAI,EAAE,IAAI;oBACV,aAAa,EAAE,YAAY;oBAC3B,KAAK,EAAE,KAAK;oBACZ,GAAG,EAAE,GAAG;oBACR,MAAM,EAAE,GAAG;iBACZ,CAAC,CAAC;gBAEH,MAAM,eAAe,CAAC,IAAI,CAAC,KAAK,CAAC,CAAC;gBAElC,OAAO,EAAC,OAAO,EAAE,KAAK,EAAC,CAAC;aACzB;YAAA,OAAM,KAAK,EAAC;gBACX,gBAAM,CAAC,GAAG,CAAC,OAAO,EAAE,YAAY,GAAG,IAAI,CAAC,SAAS,CAAC,KAAK,CAAC,CAAC,CAAC;gBAC1D,OAAO,EAAC,KAAK,EAAE,cAAc,EAAC,CAAC;aAChC;QACH,CAAC;KAAA;CACF,CAAC","sourcesContent":["import logger from '../loaders/logger';\r\nimport moment from 'moment'; \r\nimport { getRepository } from 'typeorm';\r\nimport Event from '../models/Event';\r\n\r\ninterface CtrlResponse{\r\n  success?: any;\r\n  error?: string;\r\n}\r\n\r\nexport default{\r\n  async getEvents(): Promise<CtrlResponse>{\r\n    logger.log(\"info\", \"Starting get all events function\");\r\n    try{\r\n      \r\n      const eventsRepository = getRepository(Event);\r\n\r\n      const events = await eventsRepository.find();\r\n\r\n      for(let event of events){\r\n        event.start = moment(event.start).format('YYYY-MM-DD');\r\n        event.end = moment(event.end).format('YYYY-MM-DD');\r\n      }\r\n\r\n      return { success: events };\r\n    }catch(error){\r\n      logger.log(\"error\", \"DB Error: \" + JSON.stringify(error));\r\n      return {error: \"Server error\"};\r\n    }\r\n  },\r\n\r\n  async updateEventState(id: string): Promise<CtrlResponse> {\r\n    logger.log(\"info\", \"Starting event state update function\");\r\n    // Update event state\r\n    try{\r\n      const eventRepository = getRepository(Event);\r\n\r\n      const event = await eventRepository.findOne({ id: Number(id) });\r\n      const resp = {\r\n        \"id\": id,\r\n        \"active\": '',\r\n      };\r\n\r\n      if(event){\r\n        if(event.active === 'N'){\r\n          await eventRepository.update(Number(id), { active: 'A'});\r\n          resp.active = 'A';\r\n        }else if(event.active === 'A'){\r\n          await eventRepository.update(Number(id), { active: 'D'});\r\n          resp.active = 'D';\r\n        }\r\n      }\r\n      \r\n      return {success: resp};\r\n    }catch(error){\r\n      logger.log(\"error\", \"DB Error: \" + JSON.stringify(error));\r\n      return {error: \"Server error\"};\r\n    }\r\n  },\r\n\r\n  async update(id: string, name: string, donationLink: string, start: string, end: string): Promise<CtrlResponse> {\r\n    logger.log(\"info\", \"Starting event update function\");\r\n    try{\r\n      const eventRepository = getRepository(Event);\r\n\r\n      await eventRepository.update(Number(id), {\r\n        name: name,\r\n        donation_link: donationLink,\r\n        start: start,\r\n        end: end\r\n      });\r\n\r\n      const event = await eventRepository.findOne(Number(id));\r\n      if(event){\r\n        event.start = moment(event.start).format('YYYY-MM-DD');\r\n        event.end = moment(event.end).format('YYYY-MM-DD');\r\n      }\r\n      \r\n      return {success: event};\r\n    }catch(error){\r\n      logger.log(\"error\", \"DB Error: \" + JSON.stringify(error));\r\n      return {error: \"Server error\"};\r\n    }\r\n  },\r\n\r\n  async create(name: string, donationLink: string, start: string, end: string): Promise<CtrlResponse> {\r\n    logger.log(\"info\", \"Starting event create function\");\r\n    try{\r\n      const eventRepository = getRepository(Event);\r\n\r\n      const event = eventRepository.create({\r\n        name: name,\r\n        donation_link: donationLink,\r\n        start: start,\r\n        end: end,\r\n        active: \"N\",\r\n      });\r\n\r\n      await eventRepository.save(event);\r\n\r\n      return {success: event};\r\n    }catch(error){\r\n      logger.log(\"error\", \"DB Error: \" + JSON.stringify(error));\r\n      return {error: \"Server error\"};\r\n    }\r\n  }\r\n};"]},"_coverageSchema":"1a1c01bbd47fc00a2c39e90264f33305004495a9","hash":"52da49d10b2cb05381baddd41c70a7ff407c7595","contentHash":"f917fee5cdcf9ed852b408496eb9765969e94bfb7c2ba4fa8b4b7015f5586f4a"},"D:\\Projects\\JewelSystemsGit\\api-ts-migration\\brat-api\\src\\loaders\\logger.ts":{"path":"D:\\Projects\\JewelSystemsGit\\api-ts-migration\\brat-api\\src\\loaders\\logger.ts","statementMap":{"0":{"start":{"line":2,"column":22},"end":{"line":4,"column":1}},"1":{"start":{"line":3,"column":4},"end":{"line":3,"column":62}},"2":{"start":{"line":5,"column":0},"end":{"line":5,"column":62}},"3":{"start":{"line":6,"column":18},"end":{"line":6,"column":53}},"4":{"start":{"line":7,"column":17},"end":{"line":7,"column":54}},"5":{"start":{"line":8,"column":19},"end":{"line":8,"column":21}},"6":{"start":{"line":9,"column":0},"end":{"line":11,"column":4}},"7":{"start":{"line":12,"column":23},"end":{"line":19,"column":2}},"8":{"start":{"line":20,"column":0},"end":{"line":20,"column":33}}},"fnMap":{"0":{"name":"(anonymous_0)","decl":{"start":{"line":2,"column":56},"end":{"line":2,"column":57}},"loc":{"start":{"line":2,"column":71},"end":{"line":4,"column":1}},"line":2}},"branchMap":{"0":{"loc":{"start":{"line":2,"column":22},"end":{"line":4,"column":1}},"type":"binary-expr","locations":[{"start":{"line":2,"column":23},"end":{"line":2,"column":27}},{"start":{"line":2,"column":31},"end":{"line":2,"column":51}},{"start":{"line":2,"column":56},"end":{"line":4,"column":1}}],"line":2},"1":{"loc":{"start":{"line":3,"column":11},"end":{"line":3,"column":61}},"type":"cond-expr","locations":[{"start":{"line":3,"column":37},"end":{"line":3,"column":40}},{"start":{"line":3,"column":43},"end":{"line":3,"column":61}}],"line":3},"2":{"loc":{"start":{"line":3,"column":12},"end":{"line":3,"column":33}},"type":"binary-expr","locations":[{"start":{"line":3,"column":12},"end":{"line":3,"column":15}},{"start":{"line":3,"column":19},"end":{"line":3,"column":33}}],"line":3}},"s":{"0":1,"1":2,"2":1,"3":1,"4":1,"5":1,"6":1,"7":1,"8":1},"f":{"0":2},"b":{"0":[1,1,1],"1":[1,1],"2":[2,2]},"inputSourceMap":{"version":3,"file":"D:/Projects/JewelSystemsGit/api-ts-migration/brat-api/src/loaders/logger.ts","sources":["D:/Projects/JewelSystemsGit/api-ts-migration/brat-api/src/loaders/logger.ts"],"names":[],"mappings":";;;;;AAAA,sDAA0C;AAC1C,uDAA+B;AAE/B,MAAM,UAAU,GAAG,EAAE,CAAC;AACtB,UAAU,CAAC,IAAI,CACb,IAAI,iBAAO,CAAC,UAAU,CAAC,OAAO,CAAC;IAC7B,MAAM,EAAE,iBAAO,CAAC,MAAM,CAAC,OAAO,CAC5B,iBAAO,CAAC,MAAM,CAAC,GAAG,EAAE,EACpB,iBAAO,CAAC,MAAM,CAAC,KAAK,EAAE,CACvB;CACF,CAAC,CACH,CAAC;AAEF,MAAM,cAAc,GAAW,iBAAO,CAAC,YAAY,CAAC;IAClD,KAAK,EAAE,gBAAM,CAAC,IAAI,CAAC,KAAK;IACxB,MAAM,EAAE,iBAAO,CAAC,MAAM,CAAC,GAAG,CAAC,MAAM;IACjC,MAAM,EAAE,iBAAO,CAAC,MAAM,CAAC,OAAO,CAC5B,iBAAO,CAAC,MAAM,CAAC,SAAS,CAAC;QACvB,MAAM,EAAE,qBAAqB;KAC9B,CAAC,EACF,iBAAO,CAAC,MAAM,CAAC,MAAM,CAAC,EAAE,KAAK,EAAE,IAAI,EAAE,CAAC,EACtC,iBAAO,CAAC,MAAM,CAAC,KAAK,EAAE,EACtB,iBAAO,CAAC,MAAM,CAAC,IAAI,EAAE,CACtB;IACD,UAAU;CACX,CAAC,CAAC;AAEH,kBAAe,cAAc,CAAC","sourcesContent":["import winston, { Logger } from 'winston';\r\nimport config from '../config';\r\n\r\nconst transports = [];\r\ntransports.push(\r\n  new winston.transports.Console({\r\n    format: winston.format.combine(\r\n      winston.format.cli(),\r\n      winston.format.splat(),\r\n    )\r\n  })\r\n);\r\n\r\nconst LoggerInstance: Logger = winston.createLogger({\r\n  level: config.logs.level,\r\n  levels: winston.config.npm.levels,\r\n  format: winston.format.combine(\r\n    winston.format.timestamp({\r\n      format: 'YYYY-MM-DD HH:mm:ss'\r\n    }),\r\n    winston.format.errors({ stack: true }),\r\n    winston.format.splat(),\r\n    winston.format.json()\r\n  ),\r\n  transports\r\n});\r\n\r\nexport default LoggerInstance;"]},"_coverageSchema":"1a1c01bbd47fc00a2c39e90264f33305004495a9","hash":"b4513144f142cd9ca94375bb1213bc98618a4300","contentHash":"0d42239171743e5306ec1aee8b223228f097ed4ead14a1342737a32cd88ac478"},"D:\\Projects\\JewelSystemsGit\\api-ts-migration\\brat-api\\src\\config\\index.ts":{"path":"D:\\Projects\\JewelSystemsGit\\api-ts-migration\\brat-api\\src\\config\\index.ts","statementMap":{"0":{"start":{"line":2,"column":22},"end":{"line":4,"column":1}},"1":{"start":{"line":3,"column":4},"end":{"line":3,"column":62}},"2":{"start":{"line":5,"column":0},"end":{"line":5,"column":62}},"3":{"start":{"line":6,"column":15},"end":{"line":6,"column":49}},"4":{"start":{"line":7,"column":0},"end":{"line":7,"column":33}}},"fnMap":{"0":{"name":"(anonymous_0)","decl":{"start":{"line":2,"column":56},"end":{"line":2,"column":57}},"loc":{"start":{"line":2,"column":71},"end":{"line":4,"column":1}},"line":2}},"branchMap":{"0":{"loc":{"start":{"line":2,"column":22},"end":{"line":4,"column":1}},"type":"binary-expr","locations":[{"start":{"line":2,"column":23},"end":{"line":2,"column":27}},{"start":{"line":2,"column":31},"end":{"line":2,"column":51}},{"start":{"line":2,"column":56},"end":{"line":4,"column":1}}],"line":2},"1":{"loc":{"start":{"line":3,"column":11},"end":{"line":3,"column":61}},"type":"cond-expr","locations":[{"start":{"line":3,"column":37},"end":{"line":3,"column":40}},{"start":{"line":3,"column":43},"end":{"line":3,"column":61}}],"line":3},"2":{"loc":{"start":{"line":3,"column":12},"end":{"line":3,"column":33}},"type":"binary-expr","locations":[{"start":{"line":3,"column":12},"end":{"line":3,"column":15}},{"start":{"line":3,"column":19},"end":{"line":3,"column":33}}],"line":3}},"s":{"0":1,"1":1,"2":1,"3":1,"4":1},"f":{"0":1},"b":{"0":[1,1,1],"1":[1,0],"2":[1,1]},"inputSourceMap":{"version":3,"file":"D:/Projects/JewelSystemsGit/api-ts-migration/brat-api/src/config/index.ts","sources":["D:/Projects/JewelSystemsGit/api-ts-migration/brat-api/src/config/index.ts"],"names":[],"mappings":";;;;;AAAA,kDAA4B;AAE5B,kBAAe,cAAM,CAAC","sourcesContent":["import Config from './base';\r\n\r\nexport default Config;"]},"_coverageSchema":"1a1c01bbd47fc00a2c39e90264f33305004495a9","hash":"ec12ee2c2a04f55cfbded46747ef3a449f7d5f7a","contentHash":"af7b57dbb6bc4cb3b017e9e9cd650369ad5fc1630a74a29785b3da32b9b69025"},"D:\\Projects\\JewelSystemsGit\\api-ts-migration\\brat-api\\src\\config\\base.ts":{"path":"D:\\Projects\\JewelSystemsGit\\api-ts-migration\\brat-api\\src\\config\\base.ts","statementMap":{"0":{"start":{"line":2,"column":0},"end":{"line":2,"column":62}},"1":{"start":{"line":3,"column":0},"end":{"line":14,"column":2}}},"fnMap":{},"branchMap":{"0":{"loc":{"start":{"line":5,"column":14},"end":{"line":5,"column":51}},"type":"binary-expr","locations":[{"start":{"line":5,"column":14},"end":{"line":5,"column":36}},{"start":{"line":5,"column":40},"end":{"line":5,"column":51}}],"line":5},"1":{"loc":{"start":{"line":6,"column":14},"end":{"line":6,"column":52}},"type":"binary-expr","locations":[{"start":{"line":6,"column":14},"end":{"line":6,"column":44}},{"start":{"line":6,"column":48},"end":{"line":6,"column":52}}],"line":6},"2":{"loc":{"start":{"line":9,"column":14},"end":{"line":9,"column":54}},"type":"binary-expr","locations":[{"start":{"line":9,"column":14},"end":{"line":9,"column":36}},{"start":{"line":9,"column":40},"end":{"line":9,"column":54}}],"line":9}},"s":{"0":1,"1":1},"f":{},"b":{"0":[1,1],"1":[1,1],"2":[1,1]},"inputSourceMap":{"version":3,"file":"D:/Projects/JewelSystemsGit/api-ts-migration/brat-api/src/config/base.ts","sources":["D:/Projects/JewelSystemsGit/api-ts-migration/brat-api/src/config/base.ts"],"names":[],"mappings":";;AAAA,kBAAe;IACb,KAAK,EAAE;QACL,IAAI,EAAE,OAAO,CAAC,GAAG,CAAC,UAAU,IAAI,WAAW;QAC3C,IAAI,EAAE,MAAM,CAAC,OAAO,CAAC,GAAG,CAAC,UAAU,CAAC,IAAI,IAAI;QAC5C,QAAQ,EAAE,EAAE;QACZ,EAAE,EAAE,CAAC;QACL,IAAI,EAAE,OAAO,CAAC,GAAG,CAAC,UAAU,IAAI,cAAc;KAC/C;IACD,IAAI,EAAE;QACJ,KAAK,EAAE,OAAO;KACf;CACF,CAAC","sourcesContent":["export default {\r\n  redis: {\r\n    host: process.env.REDIS_HOST || \"127.0.0.1\",\r\n    port: Number(process.env.REDIS_PORT) || 6379,\r\n    password: '',\r\n    db: 0,\r\n    name: process.env.REDIS_NAME || 'BrAT-ioredis'\r\n  },\r\n  logs: {\r\n    level: 'silly',\r\n  },\r\n};"]},"_coverageSchema":"1a1c01bbd47fc00a2c39e90264f33305004495a9","hash":"71eaed6a1915b309b090061dda99da76015340b4","contentHash":"94ab0180edc6d295254698905c120ecdaa7ff32d5639d6bd3b4dbaf054141945"},"D:\\Projects\\JewelSystemsGit\\api-ts-migration\\brat-api\\src\\models\\Event.ts":{"path":"D:\\Projects\\JewelSystemsGit\\api-ts-migration\\brat-api\\src\\models\\Event.ts","statementMap":{"0":{"start":{"line":2,"column":17},"end":{"line":7,"column":1}},"1":{"start":{"line":3,"column":12},"end":{"line":3,"column":28}},"2":{"start":{"line":3,"column":34},"end":{"line":3,"column":125}},"3":{"start":{"line":4,"column":4},"end":{"line":5,"column":150}},"4":{"start":{"line":4,"column":79},"end":{"line":4,"column":131}},"5":{"start":{"line":5,"column":9},"end":{"line":5,"column":150}},"6":{"start":{"line":5,"column":22},"end":{"line":5,"column":43}},"7":{"start":{"line":5,"column":58},"end":{"line":5,"column":150}},"8":{"start":{"line":5,"column":81},"end":{"line":5,"column":150}},"9":{"start":{"line":6,"column":4},"end":{"line":6,"column":66}},"10":{"start":{"line":8,"column":17},"end":{"line":10,"column":1}},"11":{"start":{"line":9,"column":4},"end":{"line":9,"column":109}},"12":{"start":{"line":9,"column":79},"end":{"line":9,"column":109}},"13":{"start":{"line":11,"column":0},"end":{"line":11,"column":62}},"14":{"start":{"line":12,"column":18},"end":{"line":12,"column":36}},"15":{"start":{"line":13,"column":12},"end":{"line":14,"column":1}},"16":{"start":{"line":15,"column":0},"end":{"line":18,"column":34}},"17":{"start":{"line":19,"column":0},"end":{"line":22,"column":36}},"18":{"start":{"line":23,"column":0},"end":{"line":26,"column":45}},"19":{"start":{"line":27,"column":0},"end":{"line":30,"column":38}},"20":{"start":{"line":31,"column":0},"end":{"line":34,"column":37}},"21":{"start":{"line":35,"column":0},"end":{"line":38,"column":35}},"22":{"start":{"line":39,"column":0},"end":{"line":41,"column":10}},"23":{"start":{"line":42,"column":0},"end":{"line":42,"column":24}}},"fnMap":{"0":{"name":"(anonymous_0)","decl":{"start":{"line":2,"column":46},"end":{"line":2,"column":47}},"loc":{"start":{"line":2,"column":87},"end":{"line":7,"column":1}},"line":2},"1":{"name":"(anonymous_1)","decl":{"start":{"line":8,"column":46},"end":{"line":8,"column":47}},"loc":{"start":{"line":8,"column":62},"end":{"line":10,"column":1}},"line":8}},"branchMap":{"0":{"loc":{"start":{"line":2,"column":17},"end":{"line":7,"column":1}},"type":"binary-expr","locations":[{"start":{"line":2,"column":18},"end":{"line":2,"column":22}},{"start":{"line":2,"column":26},"end":{"line":2,"column":41}},{"start":{"line":2,"column":46},"end":{"line":7,"column":1}}],"line":2},"1":{"loc":{"start":{"line":3,"column":34},"end":{"line":3,"column":125}},"type":"cond-expr","locations":[{"start":{"line":3,"column":42},"end":{"line":3,"column":48}},{"start":{"line":3,"column":51},"end":{"line":3,"column":125}}],"line":3},"2":{"loc":{"start":{"line":3,"column":51},"end":{"line":3,"column":125}},"type":"cond-expr","locations":[{"start":{"line":3,"column":67},"end":{"line":3,"column":118}},{"start":{"line":3,"column":121},"end":{"line":3,"column":125}}],"line":3},"3":{"loc":{"start":{"line":4,"column":4},"end":{"line":5,"column":150}},"type":"if","locations":[{"start":{"line":4,"column":4},"end":{"line":5,"column":150}},{"start":{"line":4,"column":4},"end":{"line":5,"column":150}}],"line":4},"4":{"loc":{"start":{"line":4,"column":8},"end":{"line":4,"column":77}},"type":"binary-expr","locations":[{"start":{"line":4,"column":8},"end":{"line":4,"column":35}},{"start":{"line":4,"column":39},"end":{"line":4,"column":77}}],"line":4},"5":{"loc":{"start":{"line":5,"column":58},"end":{"line":5,"column":150}},"type":"if","locations":[{"start":{"line":5,"column":58},"end":{"line":5,"column":150}},{"start":{"line":5,"column":58},"end":{"line":5,"column":150}}],"line":5},"6":{"loc":{"start":{"line":5,"column":85},"end":{"line":5,"column":149}},"type":"binary-expr","locations":[{"start":{"line":5,"column":86},"end":{"line":5,"column":143}},{"start":{"line":5,"column":148},"end":{"line":5,"column":149}}],"line":5},"7":{"loc":{"start":{"line":5,"column":86},"end":{"line":5,"column":143}},"type":"cond-expr","locations":[{"start":{"line":5,"column":94},"end":{"line":5,"column":98}},{"start":{"line":5,"column":101},"end":{"line":5,"column":143}}],"line":5},"8":{"loc":{"start":{"line":5,"column":101},"end":{"line":5,"column":143}},"type":"cond-expr","locations":[{"start":{"line":5,"column":109},"end":{"line":5,"column":126}},{"start":{"line":5,"column":129},"end":{"line":5,"column":143}}],"line":5},"9":{"loc":{"start":{"line":6,"column":11},"end":{"line":6,"column":62}},"type":"binary-expr","locations":[{"start":{"line":6,"column":11},"end":{"line":6,"column":16}},{"start":{"line":6,"column":20},"end":{"line":6,"column":21}},{"start":{"line":6,"column":25},"end":{"line":6,"column":62}}],"line":6},"10":{"loc":{"start":{"line":8,"column":17},"end":{"line":10,"column":1}},"type":"binary-expr","locations":[{"start":{"line":8,"column":18},"end":{"line":8,"column":22}},{"start":{"line":8,"column":26},"end":{"line":8,"column":41}},{"start":{"line":8,"column":46},"end":{"line":10,"column":1}}],"line":8},"11":{"loc":{"start":{"line":9,"column":4},"end":{"line":9,"column":109}},"type":"if","locations":[{"start":{"line":9,"column":4},"end":{"line":9,"column":109}},{"start":{"line":9,"column":4},"end":{"line":9,"column":109}}],"line":9},"12":{"loc":{"start":{"line":9,"column":8},"end":{"line":9,"column":77}},"type":"binary-expr","locations":[{"start":{"line":9,"column":8},"end":{"line":9,"column":35}},{"start":{"line":9,"column":39},"end":{"line":9,"column":77}}],"line":9}},"s":{"0":1,"1":7,"2":7,"3":7,"4":7,"5":0,"6":0,"7":0,"8":0,"9":7,"10":1,"11":6,"12":6,"13":1,"14":1,"15":1,"16":1,"17":1,"18":1,"19":1,"20":1,"21":1,"22":1,"23":1},"f":{"0":7,"1":6},"b":{"0":[1,1,1],"1":[1,6],"2":[0,6],"3":[7,0],"4":[7,7],"5":[0,0],"6":[0,0],"7":[0,0],"8":[0,0],"9":[7,6,0],"10":[1,1,1],"11":[6,0],"12":[6,6]},"inputSourceMap":{"version":3,"file":"D:/Projects/JewelSystemsGit/api-ts-migration/brat-api/src/models/Event.ts","sources":["D:/Projects/JewelSystemsGit/api-ts-migration/brat-api/src/models/Event.ts"],"names":[],"mappings":";;;;;;;;;;;AAAA,qCAAiE;AAGjE,IAAqB,KAAK,GAA1B,MAAqB,KAAK;CAkBzB,CAAA;AAhBA;IADC,gCAAsB,CAAC,WAAW,CAAC;;iCACzB;AAGX;IADC,gBAAM,CAAC,EAAE,MAAM,EAAE,EAAE,EAAE,QAAQ,EAAE,KAAK,EAAE,CAAC;;mCAC3B;AAGb;IADC,gBAAM,CAAC,EAAE,MAAM,EAAE,GAAG,EAAE,QAAQ,EAAE,KAAK,EAAE,CAAC;;4CACnB;AAGtB;IADC,gBAAM,CAAC,EAAE,MAAM,EAAE,CAAC,EAAE,QAAQ,EAAE,KAAK,EAAE,CAAC;;qCACxB;AAGf;IADC,gBAAM,CAAC,EAAE,QAAQ,EAAE,KAAK,EAAE,CAAC;;oCACd;AAGd;IADC,gBAAM,CAAC,EAAE,QAAQ,EAAE,KAAK,EAAE,CAAC;;kCAChB;AAjBQ,KAAK;IADzB,gBAAM,CAAC,QAAQ,CAAC;GACI,KAAK,CAkBzB;kBAlBoB,KAAK","sourcesContent":["import { Entity, Column, PrimaryGeneratedColumn } from 'typeorm';\r\n\r\n@Entity('events')\r\nexport default class Event {\r\n\t@PrimaryGeneratedColumn('increment')\r\n\tid: number;\r\n\r\n\t@Column({ length: 50, nullable: false })\r\n\tname: string;\r\n\r\n\t@Column({ length: 100, nullable: false })\r\n\tdonation_link: string;\r\n\r\n\t@Column({ length: 1, nullable: false })\r\n\tactive: string;\r\n\r\n\t@Column({ nullable: false })\r\n\tstart: string;\r\n\r\n\t@Column({ nullable: false })\r\n\tend: string;\r\n}\r\n"]},"_coverageSchema":"1a1c01bbd47fc00a2c39e90264f33305004495a9","hash":"13f22e445c29b24a7ab8f36004d2f24e48342904","contentHash":"626216ed7c8d7fbb89721a47c9d31cd6b7abac13d567dda9d78868046a989d35"},"D:\\Projects\\JewelSystemsGit\\api-ts-migration\\brat-api\\ormconfig.ts":{"path":"D:\\Projects\\JewelSystemsGit\\api-ts-migration\\brat-api\\ormconfig.ts","statementMap":{"0":{"start":{"line":2,"column":0},"end":{"line":2,"column":62}},"1":{"start":{"line":3,"column":0},"end":{"line":18,"column":2}}},"fnMap":{},"branchMap":{"0":{"loc":{"start":{"line":5,"column":12},"end":{"line":5,"column":46}},"type":"binary-expr","locations":[{"start":{"line":5,"column":12},"end":{"line":5,"column":31}},{"start":{"line":5,"column":35},"end":{"line":5,"column":46}}],"line":5},"1":{"loc":{"start":{"line":6,"column":12},"end":{"line":6,"column":47}},"type":"binary-expr","locations":[{"start":{"line":6,"column":12},"end":{"line":6,"column":39}},{"start":{"line":6,"column":43},"end":{"line":6,"column":47}}],"line":6},"2":{"loc":{"start":{"line":7,"column":16},"end":{"line":7,"column":45}},"type":"binary-expr","locations":[{"start":{"line":7,"column":16},"end":{"line":7,"column":35}},{"start":{"line":7,"column":39},"end":{"line":7,"column":45}}],"line":7},"3":{"loc":{"start":{"line":8,"column":16},"end":{"line":8,"column":45}},"type":"binary-expr","locations":[{"start":{"line":8,"column":16},"end":{"line":8,"column":35}},{"start":{"line":8,"column":39},"end":{"line":8,"column":45}}],"line":8},"4":{"loc":{"start":{"line":9,"column":16},"end":{"line":9,"column":45}},"type":"binary-expr","locations":[{"start":{"line":9,"column":16},"end":{"line":9,"column":35}},{"start":{"line":9,"column":39},"end":{"line":9,"column":45}}],"line":9}},"s":{"0":1,"1":1},"f":{},"b":{"0":[1,0],"1":[1,0],"2":[1,0],"3":[1,0],"4":[1,0]},"inputSourceMap":{"version":3,"file":"D:/Projects/JewelSystemsGit/api-ts-migration/brat-api/ormconfig.ts","sources":["D:/Projects/JewelSystemsGit/api-ts-migration/brat-api/ormconfig.ts"],"names":[],"mappings":";;AAAA,kBAAc;IACZ,MAAM,EAAE,OAAO;IACf,MAAM,EAAE,OAAO,CAAC,GAAG,CAAC,OAAO,IAAI,WAAW;IAC1C,MAAM,EAAE,MAAM,CAAC,OAAO,CAAC,GAAG,CAAC,OAAO,CAAC,IAAI,IAAI;IAC3C,UAAU,EAAE,OAAO,CAAC,GAAG,CAAC,OAAO,IAAI,MAAM;IACzC,UAAU,EAAE,OAAO,CAAC,GAAG,CAAC,OAAO,IAAI,MAAM;IACzC,UAAU,EAAE,OAAO,CAAC,GAAG,CAAC,OAAO,IAAI,MAAM;IACzC,aAAa,EAAE,KAAK;IACpB,SAAS,EAAE,KAAK;IAChB,UAAU,EAAE;QACV,iBAAiB;KAClB;IACD,KAAK,EAAE;QACL,aAAa,EAAE,YAAY;KAC5B;CACF,CAAC","sourcesContent":["export default{\n  \"type\": \"mysql\",\n  \"host\": process.env.DB_HOST || \"localhost\",\n  \"port\": Number(process.env.DB_PORT) || 3306,\n  \"username\": process.env.DB_USER || \"root\",\n  \"password\": process.env.DB_PASS || \"root\",\n  \"database\": process.env.DB_NAME || \"brat\",\n  \"synchronize\": false,\n  \"logging\": false,\n  \"entities\": [\n    \"src/models/*.ts\"\n  ],\n  \"cli\": {\n    \"entitiesDir\": \"src/models\"\n  }\n};"]},"_coverageSchema":"1a1c01bbd47fc00a2c39e90264f33305004495a9","hash":"1b115b3b4d6a9f8f4961be079502c419a9429cbb","contentHash":"01498dc91130dbdc2cc2553f52f2c5dcc44f013a6dbb37a2695f0d29c4f40c59"},"D:\\Projects\\JewelSystemsGit\\api-ts-migration\\brat-api\\src\\models\\BidwarOption.ts":{"path":"D:\\Projects\\JewelSystemsGit\\api-ts-migration\\brat-api\\src\\models\\BidwarOption.ts","statementMap":{"0":{"start":{"line":2,"column":17},"end":{"line":7,"column":1}},"1":{"start":{"line":3,"column":12},"end":{"line":3,"column":28}},"2":{"start":{"line":3,"column":34},"end":{"line":3,"column":125}},"3":{"start":{"line":4,"column":4},"end":{"line":5,"column":150}},"4":{"start":{"line":4,"column":79},"end":{"line":4,"column":131}},"5":{"start":{"line":5,"column":9},"end":{"line":5,"column":150}},"6":{"start":{"line":5,"column":22},"end":{"line":5,"column":43}},"7":{"start":{"line":5,"column":58},"end":{"line":5,"column":150}},"8":{"start":{"line":5,"column":81},"end":{"line":5,"column":150}},"9":{"start":{"line":6,"column":4},"end":{"line":6,"column":66}},"10":{"start":{"line":8,"column":17},"end":{"line":10,"column":1}},"11":{"start":{"line":9,"column":4},"end":{"line":9,"column":109}},"12":{"start":{"line":9,"column":79},"end":{"line":9,"column":109}},"13":{"start":{"line":11,"column":0},"end":{"line":11,"column":62}},"14":{"start":{"line":12,"column":18},"end":{"line":12,"column":36}},"15":{"start":{"line":13,"column":19},"end":{"line":14,"column":1}},"16":{"start":{"line":15,"column":0},"end":{"line":18,"column":41}},"17":{"start":{"line":19,"column":0},"end":{"line":22,"column":51}},"18":{"start":{"line":23,"column":0},"end":{"line":26,"column":45}},"19":{"start":{"line":27,"column":0},"end":{"line":29,"column":17}},"20":{"start":{"line":30,"column":0},"end":{"line":30,"column":31}}},"fnMap":{"0":{"name":"(anonymous_0)","decl":{"start":{"line":2,"column":46},"end":{"line":2,"column":47}},"loc":{"start":{"line":2,"column":87},"end":{"line":7,"column":1}},"line":2},"1":{"name":"(anonymous_1)","decl":{"start":{"line":8,"column":46},"end":{"line":8,"column":47}},"loc":{"start":{"line":8,"column":62},"end":{"line":10,"column":1}},"line":8}},"branchMap":{"0":{"loc":{"start":{"line":2,"column":17},"end":{"line":7,"column":1}},"type":"binary-expr","locations":[{"start":{"line":2,"column":18},"end":{"line":2,"column":22}},{"start":{"line":2,"column":26},"end":{"line":2,"column":41}},{"start":{"line":2,"column":46},"end":{"line":7,"column":1}}],"line":2},"1":{"loc":{"start":{"line":3,"column":34},"end":{"line":3,"column":125}},"type":"cond-expr","locations":[{"start":{"line":3,"column":42},"end":{"line":3,"column":48}},{"start":{"line":3,"column":51},"end":{"line":3,"column":125}}],"line":3},"2":{"loc":{"start":{"line":3,"column":51},"end":{"line":3,"column":125}},"type":"cond-expr","locations":[{"start":{"line":3,"column":67},"end":{"line":3,"column":118}},{"start":{"line":3,"column":121},"end":{"line":3,"column":125}}],"line":3},"3":{"loc":{"start":{"line":4,"column":4},"end":{"line":5,"column":150}},"type":"if","locations":[{"start":{"line":4,"column":4},"end":{"line":5,"column":150}},{"start":{"line":4,"column":4},"end":{"line":5,"column":150}}],"line":4},"4":{"loc":{"start":{"line":4,"column":8},"end":{"line":4,"column":77}},"type":"binary-expr","locations":[{"start":{"line":4,"column":8},"end":{"line":4,"column":35}},{"start":{"line":4,"column":39},"end":{"line":4,"column":77}}],"line":4},"5":{"loc":{"start":{"line":5,"column":58},"end":{"line":5,"column":150}},"type":"if","locations":[{"start":{"line":5,"column":58},"end":{"line":5,"column":150}},{"start":{"line":5,"column":58},"end":{"line":5,"column":150}}],"line":5},"6":{"loc":{"start":{"line":5,"column":85},"end":{"line":5,"column":149}},"type":"binary-expr","locations":[{"start":{"line":5,"column":86},"end":{"line":5,"column":143}},{"start":{"line":5,"column":148},"end":{"line":5,"column":149}}],"line":5},"7":{"loc":{"start":{"line":5,"column":86},"end":{"line":5,"column":143}},"type":"cond-expr","locations":[{"start":{"line":5,"column":94},"end":{"line":5,"column":98}},{"start":{"line":5,"column":101},"end":{"line":5,"column":143}}],"line":5},"8":{"loc":{"start":{"line":5,"column":101},"end":{"line":5,"column":143}},"type":"cond-expr","locations":[{"start":{"line":5,"column":109},"end":{"line":5,"column":126}},{"start":{"line":5,"column":129},"end":{"line":5,"column":143}}],"line":5},"9":{"loc":{"start":{"line":6,"column":11},"end":{"line":6,"column":62}},"type":"binary-expr","locations":[{"start":{"line":6,"column":11},"end":{"line":6,"column":16}},{"start":{"line":6,"column":20},"end":{"line":6,"column":21}},{"start":{"line":6,"column":25},"end":{"line":6,"column":62}}],"line":6},"10":{"loc":{"start":{"line":8,"column":17},"end":{"line":10,"column":1}},"type":"binary-expr","locations":[{"start":{"line":8,"column":18},"end":{"line":8,"column":22}},{"start":{"line":8,"column":26},"end":{"line":8,"column":41}},{"start":{"line":8,"column":46},"end":{"line":10,"column":1}}],"line":8},"11":{"loc":{"start":{"line":9,"column":4},"end":{"line":9,"column":109}},"type":"if","locations":[{"start":{"line":9,"column":4},"end":{"line":9,"column":109}},{"start":{"line":9,"column":4},"end":{"line":9,"column":109}}],"line":9},"12":{"loc":{"start":{"line":9,"column":8},"end":{"line":9,"column":77}},"type":"binary-expr","locations":[{"start":{"line":9,"column":8},"end":{"line":9,"column":35}},{"start":{"line":9,"column":39},"end":{"line":9,"column":77}}],"line":9}},"s":{"0":1,"1":4,"2":4,"3":4,"4":4,"5":0,"6":0,"7":0,"8":0,"9":4,"10":1,"11":3,"12":3,"13":1,"14":1,"15":1,"16":1,"17":1,"18":1,"19":1,"20":1},"f":{"0":4,"1":3},"b":{"0":[1,1,1],"1":[1,3],"2":[0,3],"3":[4,0],"4":[4,4],"5":[0,0],"6":[0,0],"7":[0,0],"8":[0,0],"9":[4,3,0],"10":[1,1,1],"11":[3,0],"12":[3,3]},"inputSourceMap":{"version":3,"file":"D:/Projects/JewelSystemsGit/api-ts-migration/brat-api/src/models/BidwarOption.ts","sources":["D:/Projects/JewelSystemsGit/api-ts-migration/brat-api/src/models/BidwarOption.ts"],"names":[],"mappings":";;;;;;;;;;;AAAA,qCAAiE;AAGjE,IAAqB,YAAY,GAAjC,MAAqB,YAAY;CAShC,CAAA;AAPA;IADC,gCAAsB,CAAC,WAAW,CAAC;;wCACzB;AAGX;IADC,gBAAM,CAAC,EAAE,IAAI,EAAE,QAAQ,EAAE,QAAQ,EAAE,KAAK,EAAE,CAAC;;kDACvB;AAGrB;IADC,gBAAM,CAAC,EAAE,MAAM,EAAE,GAAG,EAAE,QAAQ,EAAE,KAAK,EAAE,CAAC;;4CAC1B;AARK,YAAY;IADhC,gBAAM,CAAC,gBAAgB,CAAC;GACJ,YAAY,CAShC;kBAToB,YAAY","sourcesContent":["import { Entity, Column, PrimaryGeneratedColumn } from 'typeorm';\r\n\r\n@Entity('bidwar_options')\r\nexport default class BidwarOption {\r\n\t@PrimaryGeneratedColumn('increment')\r\n\tid: number;\r\n\r\n\t@Column({ type: 'bigint', nullable: false })\r\n\tincentive_id: number;\r\n\r\n\t@Column({ length: 100, nullable: false })\r\n\toption: string;\r\n}\r\n"]},"_coverageSchema":"1a1c01bbd47fc00a2c39e90264f33305004495a9","hash":"673cb222db7f1e2e34185aeeabe535ae5db71283","contentHash":"b0b4866b4a61d1ce73abfd79c9f7a1ea5bbec984ff8554c4e06fcea0c2677186"},"D:\\Projects\\JewelSystemsGit\\api-ts-migration\\brat-api\\src\\models\\Donation.ts":{"path":"D:\\Projects\\JewelSystemsGit\\api-ts-migration\\brat-api\\src\\models\\Donation.ts","statementMap":{"0":{"start":{"line":2,"column":17},"end":{"line":7,"column":1}},"1":{"start":{"line":3,"column":12},"end":{"line":3,"column":28}},"2":{"start":{"line":3,"column":34},"end":{"line":3,"column":125}},"3":{"start":{"line":4,"column":4},"end":{"line":5,"column":150}},"4":{"start":{"line":4,"column":79},"end":{"line":4,"column":131}},"5":{"start":{"line":5,"column":9},"end":{"line":5,"column":150}},"6":{"start":{"line":5,"column":22},"end":{"line":5,"column":43}},"7":{"start":{"line":5,"column":58},"end":{"line":5,"column":150}},"8":{"start":{"line":5,"column":81},"end":{"line":5,"column":150}},"9":{"start":{"line":6,"column":4},"end":{"line":6,"column":66}},"10":{"start":{"line":8,"column":17},"end":{"line":10,"column":1}},"11":{"start":{"line":9,"column":4},"end":{"line":9,"column":109}},"12":{"start":{"line":9,"column":79},"end":{"line":9,"column":109}},"13":{"start":{"line":11,"column":0},"end":{"line":11,"column":62}},"14":{"start":{"line":12,"column":18},"end":{"line":12,"column":36}},"15":{"start":{"line":13,"column":15},"end":{"line":14,"column":1}},"16":{"start":{"line":15,"column":0},"end":{"line":18,"column":37}},"17":{"start":{"line":19,"column":0},"end":{"line":22,"column":45}},"18":{"start":{"line":23,"column":0},"end":{"line":26,"column":44}},"19":{"start":{"line":27,"column":0},"end":{"line":30,"column":40}},"20":{"start":{"line":31,"column":0},"end":{"line":34,"column":47}},"21":{"start":{"line":35,"column":0},"end":{"line":38,"column":44}},"22":{"start":{"line":39,"column":0},"end":{"line":42,"column":40}},"23":{"start":{"line":43,"column":0},"end":{"line":45,"column":13}},"24":{"start":{"line":46,"column":0},"end":{"line":46,"column":27}}},"fnMap":{"0":{"name":"(anonymous_0)","decl":{"start":{"line":2,"column":46},"end":{"line":2,"column":47}},"loc":{"start":{"line":2,"column":87},"end":{"line":7,"column":1}},"line":2},"1":{"name":"(anonymous_1)","decl":{"start":{"line":8,"column":46},"end":{"line":8,"column":47}},"loc":{"start":{"line":8,"column":62},"end":{"line":10,"column":1}},"line":8}},"branchMap":{"0":{"loc":{"start":{"line":2,"column":17},"end":{"line":7,"column":1}},"type":"binary-expr","locations":[{"start":{"line":2,"column":18},"end":{"line":2,"column":22}},{"start":{"line":2,"column":26},"end":{"line":2,"column":41}},{"start":{"line":2,"column":46},"end":{"line":7,"column":1}}],"line":2},"1":{"loc":{"start":{"line":3,"column":34},"end":{"line":3,"column":125}},"type":"cond-expr","locations":[{"start":{"line":3,"column":42},"end":{"line":3,"column":48}},{"start":{"line":3,"column":51},"end":{"line":3,"column":125}}],"line":3},"2":{"loc":{"start":{"line":3,"column":51},"end":{"line":3,"column":125}},"type":"cond-expr","locations":[{"start":{"line":3,"column":67},"end":{"line":3,"column":118}},{"start":{"line":3,"column":121},"end":{"line":3,"column":125}}],"line":3},"3":{"loc":{"start":{"line":4,"column":4},"end":{"line":5,"column":150}},"type":"if","locations":[{"start":{"line":4,"column":4},"end":{"line":5,"column":150}},{"start":{"line":4,"column":4},"end":{"line":5,"column":150}}],"line":4},"4":{"loc":{"start":{"line":4,"column":8},"end":{"line":4,"column":77}},"type":"binary-expr","locations":[{"start":{"line":4,"column":8},"end":{"line":4,"column":35}},{"start":{"line":4,"column":39},"end":{"line":4,"column":77}}],"line":4},"5":{"loc":{"start":{"line":5,"column":58},"end":{"line":5,"column":150}},"type":"if","locations":[{"start":{"line":5,"column":58},"end":{"line":5,"column":150}},{"start":{"line":5,"column":58},"end":{"line":5,"column":150}}],"line":5},"6":{"loc":{"start":{"line":5,"column":85},"end":{"line":5,"column":149}},"type":"binary-expr","locations":[{"start":{"line":5,"column":86},"end":{"line":5,"column":143}},{"start":{"line":5,"column":148},"end":{
[...]
:{"line":3,"column":48}},{"start":{"line":3,"column":51},"end":{"line":3,"column":125}}],"line":3},"2":{"loc":{"start":{"line":3,"column":51},"end":{"line":3,"column":125}},"type":"cond-expr","locations":[{"start":{"line":3,"column":67},"end":{"line":3,"column":118}},{"start":{"line":3,"column":121},"end":{"line":3,"column":125}}],"line":3},"3":{"loc":{"start":{"line":4,"column":4},"end":{"line":5,"column":150}},"type":"if","locations":[{"start":{"line":4,"column":4},"end":{"line":5,"column":150}},{"start":{"line":4,"column":4},"end":{"line":5,"column":150}}],"line":4},"4":{"loc":{"start":{"line":4,"column":8},"end":{"line":4,"column":77}},"type":"binary-expr","locations":[{"start":{"line":4,"column":8},"end":{"line":4,"column":35}},{"start":{"line":4,"column":39},"end":{"line":4,"column":77}}],"line":4},"5":{"loc":{"start":{"line":5,"column":58},"end":{"line":5,"column":150}},"type":"if","locations":[{"start":{"line":5,"column":58},"end":{"line":5,"column":150}},{"start":{"line":5,"column":58},"end":{"line":5,"column":150}}],"line":5},"6":{"loc":{"start":{"line":5,"column":85},"end":{"line":5,"column":149}},"type":"binary-expr","locations":[{"start":{"line":5,"column":86},"end":{"line":5,"column":143}},{"start":{"line":5,"column":148},"end":{"line":5,"column":149}}],"line":5},"7":{"loc":{"start":{"line":5,"column":86},"end":{"line":5,"column":143}},"type":"cond-expr","locations":[{"start":{"line":5,"column":94},"end":{"line":5,"column":98}},{"start":{"line":5,"column":101},"end":{"line":5,"column":143}}],"line":5},"8":{"loc":{"start":{"line":5,"column":101},"end":{"line":5,"column":143}},"type":"cond-expr","locations":[{"start":{"line":5,"column":109},"end":{"line":5,"column":126}},{"start":{"line":5,"column":129},"end":{"line":5,"column":143}}],"line":5},"9":{"loc":{"start":{"line":6,"column":11},"end":{"line":6,"column":62}},"type":"binary-expr","locations":[{"start":{"line":6,"column":11},"end":{"line":6,"column":16}},{"start":{"line":6,"column":20},"end":{"line":6,"column":21}},{"start":{"line":6,"column":25},"end":{"line":6,"column":62}}],"line":6},"10":{"loc":{"start":{"line":8,"column":17},"end":{"line":10,"column":1}},"type":"binary-expr","locations":[{"start":{"line":8,"column":18},"end":{"line":8,"column":22}},{"start":{"line":8,"column":26},"end":{"line":8,"column":41}},{"start":{"line":8,"column":46},"end":{"line":10,"column":1}}],"line":8},"11":{"loc":{"start":{"line":9,"column":4},"end":{"line":9,"column":109}},"type":"if","locations":[{"start":{"line":9,"column":4},"end":{"line":9,"column":109}},{"start":{"line":9,"column":4},"end":{"line":9,"column":109}}],"line":9},"12":{"loc":{"start":{"line":9,"column":8},"end":{"line":9,"column":77}},"type":"binary-expr","locations":[{"start":{"line":9,"column":8},"end":{"line":9,"column":35}},{"start":{"line":9,"column":39},"end":{"line":9,"column":77}}],"line":9},"13":{"loc":{"start":{"line":11,"column":22},"end":{"line":13,"column":1}},"type":"binary-expr","locations":[{"start":{"line":11,"column":23},"end":{"line":11,"column":27}},{"start":{"line":11,"column":31},"end":{"line":11,"column":51}},{"start":{"line":11,"column":56},"end":{"line":13,"column":1}}],"line":11},"14":{"loc":{"start":{"line":12,"column":11},"end":{"line":12,"column":61}},"type":"cond-expr","locations":[{"start":{"line":12,"column":37},"end":{"line":12,"column":40}},{"start":{"line":12,"column":43},"end":{"line":12,"column":61}}],"line":12},"15":{"loc":{"start":{"line":12,"column":12},"end":{"line":12,"column":33}},"type":"binary-expr","locations":[{"start":{"line":12,"column":12},"end":{"line":12,"column":15}},{"start":{"line":12,"column":19},"end":{"line":12,"column":33}}],"line":12}},"s":{"0":1,"1":7,"2":7,"3":7,"4":7,"5":0,"6":0,"7":0,"8":0,"9":7,"10":1,"11":6,"12":6,"13":1,"14":2,"15":1,"16":1,"17":1,"18":1,"19":1,"20":1,"21":1,"22":1,"23":1,"24":1,"25":1,"26":1,"27":1,"28":1,"29":1},"f":{"0":7,"1":6,"2":2,"3":1,"4":1},"b":{"0":[1,1,1],"1":[1,6],"2":[0,6],"3":[7,0],"4":[7,7],"5":[0,0],"6":[0,0],"7":[0,0],"8":[0,0],"9":[7,6,0],"10":[1,1,1],"11":[6,0],"12":[6,6],"13":[1,1,1],"14":[2,0],"15":[2,2]},"inputSourceMap":{"version":3,"file":"D:/Projects/JewelSystemsGit/api-ts-migration/brat-api/src/models/SubmitRun.ts","sources":["D:/Projects/JewelSystemsGit/api-ts-migration/brat-api/src/models/SubmitRun.ts"],"names":[],"mappings":";;;;;;;;;;;;;;AAAA,qCAAkG;AAClG,oDAA4B;AAC5B,gDAAwB;AAGxB,IAAqB,SAAS,GAA9B,MAAqB,SAAS;CAsB7B,CAAA;AApBA;IADC,gCAAsB,CAAC,WAAW,CAAC;;qCACzB;AAKX;IAHC,mBAAS,CAAC,GAAG,EAAE,CAAC,eAAK,CAAC;IACtB,oBAAU,CAAC,EAAE,IAAI,EAAE,UAAU,EAAE,CAAC;IAChC,gBAAM,CAAC,EAAE,IAAI,EAAE,QAAQ,EAAE,QAAQ,EAAE,KAAK,EAAE,CAAC;;2CAC3B;AAKjB;IAHC,kBAAQ,CAAC,GAAG,EAAE,CAAC,aAAG,CAAC;IACnB,oBAAU,CAAC,EAAE,IAAI,EAAE,QAAQ,EAAE,CAAC;IAC9B,gBAAM,CAAC,EAAE,IAAI,EAAE,QAAQ,EAAE,QAAQ,EAAE,KAAK,EAAE,CAAC;;yCAC7B;AAGf;IADC,gBAAM,CAAC,EAAE,QAAQ,EAAE,KAAK,EAAE,CAAC;;2CACV;AAGlB;IADC,gBAAM,CAAC,EAAE,QAAQ,EAAE,KAAK,EAAE,CAAC;;2CACV;AAGlB;IADC,gBAAM,CAAC,EAAE,QAAQ,EAAE,KAAK,EAAE,CAAC;;0CACX;AArBG,SAAS;IAD7B,gBAAM,CAAC,aAAa,CAAC;GACD,SAAS,CAsB7B;kBAtBoB,SAAS","sourcesContent":["import { Entity, Column, PrimaryGeneratedColumn, ManyToOne, JoinColumn, OneToOne } from 'typeorm';\r\nimport Event from './Event';\r\nimport Run from './Run';\r\n\r\n@Entity('submit_runs')\r\nexport default class SubmitRun {\r\n\t@PrimaryGeneratedColumn('increment')\r\n\tid: number;\r\n\r\n\t@ManyToOne(() => Event)\r\n\t@JoinColumn({ name: \"event_id\" })\r\n\t@Column({ type: 'bigint', nullable: false })\r\n\tevent_id: number;\r\n\r\n\t@OneToOne(() => Run)\r\n\t@JoinColumn({ name: \"run_id\" })\r\n\t@Column({ type: 'bigint', nullable: false })\r\n\trun_id: number;\r\n\r\n\t@Column({ nullable: false })\r\n\treviewed: boolean;\r\n\r\n\t@Column({ nullable: false })\r\n\tapproved: boolean;\r\n\r\n\t@Column({ nullable: false })\r\n\twaiting: boolean;\r\n}\r\n"]},"_coverageSchema":"1a1c01bbd47fc00a2c39e90264f33305004495a9","hash":"c6158f5876cdf4932cb43217c46c74127d305b3b","contentHash":"679e63941723f919ff7991233a9a0ef91bcd04417951ce5b47515ea32c20f1da"},"D:\\Projects\\JewelSystemsGit\\api-ts-migration\\brat-api\\src\\models\\UserLog.ts":{"path":"D:\\Projects\\JewelSystemsGit\\api-ts-migration\\brat-api\\src\\models\\UserLog.ts","statementMap":{"0":{"start":{"line":2,"column":17},"end":{"line":7,"column":1}},"1":{"start":{"line":3,"column":12},"end":{"line":3,"column":28}},"2":{"start":{"line":3,"column":34},"end":{"line":3,"column":125}},"3":{"start":{"line":4,"column":4},"end":{"line":5,"column":150}},"4":{"start":{"line":4,"column":79},"end":{"line":4,"column":131}},"5":{"start":{"line":5,"column":9},"end":{"line":5,"column":150}},"6":{"start":{"line":5,"column":22},"end":{"line":5,"column":43}},"7":{"start":{"line":5,"column":58},"end":{"line":5,"column":150}},"8":{"start":{"line":5,"column":81},"end":{"line":5,"column":150}},"9":{"start":{"line":6,"column":4},"end":{"line":6,"column":66}},"10":{"start":{"line":8,"column":17},"end":{"line":10,"column":1}},"11":{"start":{"line":9,"column":4},"end":{"line":9,"column":109}},"12":{"start":{"line":9,"column":79},"end":{"line":9,"column":109}},"13":{"start":{"line":11,"column":0},"end":{"line":11,"column":62}},"14":{"start":{"line":12,"column":18},"end":{"line":12,"column":36}},"15":{"start":{"line":13,"column":14},"end":{"line":14,"column":1}},"16":{"start":{"line":15,"column":0},"end":{"line":18,"column":36}},"17":{"start":{"line":19,"column":0},"end":{"line":22,"column":49}},"18":{"start":{"line":23,"column":0},"end":{"line":26,"column":49}},"19":{"start":{"line":27,"column":0},"end":{"line":30,"column":38}},"20":{"start":{"line":31,"column":0},"end":{"line":34,"column":39}},"21":{"start":{"line":35,"column":0},"end":{"line":37,"column":12}},"22":{"start":{"line":38,"column":0},"end":{"line":38,"column":26}}},"fnMap":{"0":{"name":"(anonymous_0)","decl":{"start":{"line":2,"column":46},"end":{"line":2,"column":47}},"loc":{"start":{"line":2,"column":87},"end":{"line":7,"column":1}},"line":2},"1":{"name":"(anonymous_1)","decl":{"start":{"line":8,"column":46},"end":{"line":8,"column":47}},"loc":{"start":{"line":8,"column":62},"end":{"line":10,"column":1}},"line":8}},"branchMap":{"0":{"loc":{"start":{"line":2,"column":17},"end":{"line":7,"column":1}},"type":"binary-expr","locations":[{"start":{"line":2,"column":18},"end":{"line":2,"column":22}},{"start":{"line":2,"column":26},"end":{"line":2,"column":41}},{"start":{"line":2,"column":46},"end":{"line":7,"column":1}}],"line":2},"1":{"loc":{"start":{"line":3,"column":34},"end":{"line":3,"column":125}},"type":"cond-expr","locations":[{"start":{"line":3,"column":42},"end":{"line":3,"column":48}},{"start":{"line":3,"column":51},"end":{"line":3,"column":125}}],"line":3},"2":{"loc":{"start":{"line":3,"column":51},"end":{"line":3,"column":125}},"type":"cond-expr","locations":[{"start":{"line":3,"column":67},"end":{"line":3,"column":118}},{"start":{"line":3,"column":121},"end":{"line":3,"column":125}}],"line":3},"3":{"loc":{"start":{"line":4,"column":4},"end":{"line":5,"column":150}},"type":"if","locations":[{"start":{"line":4,"column":4},"end":{"line":5,"column":150}},{"start":{"line":4,"column":4},"end":{"line":5,"column":150}}],"line":4},"4":{"loc":{"start":{"line":4,"column":8},"end":{"line":4,"column":77}},"type":"binary-expr","locations":[{"start":{"line":4,"column":8},"end":{"line":4,"column":35}},{"start":{"line":4,"column":39},"end":{"line":4,"column":77}}],"line":4},"5":{"loc":{"start":{"line":5,"column":58},"end":{"line":5,"column":150}},"type":"if","locations":[{"start":{"line":5,"column":58},"end":{"line":5,"column":150}},{"start":{"line":5,"column":58},"end":{"line":5,"column":150}}],"line":5},"6":{"loc":{"start":{"line":5,"column":85},"end":{"line":5,"column":149}},"type":"binary-expr","locations":[{"start":{"line":5,"column":86},"end":{"line":5,"column":143}},{"start":{"line":5,"column":148},"end":{"line":5,"column":149}}],"line":5},"7":{"loc":{"start":{"line":5,"column":86},"end":{"line":5,"column":143}},"type":"cond-expr","locations":[{"start":{"line":5,"column":94},"end":{"line":5,"column":98}},{"start":{"line":5,"column":101},"end":{"line":5,"column":143}}],"line":5},"8":{"loc":{"start":{"line":5,"column":101},"end":{"line":5,"column":143}},"type":"cond-expr","locations":[{"start":{"line":5,"column":109},"end":{"line":5,"column":126}},{"start":{"line":5,"column":129},"end":{"line":5,"column":143}}],"line":5},"9":{"loc":{"start":{"line":6,"column":11},"end":{"line":6,"column":62}},"type":"binary-expr","locations":[{"start":{"line":6,"column":11},"end":{"line":6,"column":16}},{"start":{"line":6,"column":20},"end":{"line":6,"column":21}},{"start":{"line":6,"column":25},"end":{"line":6,"column":62}}],"line":6},"10":{"loc":{"start":{"line":8,"column":17},"end":{"line":10,"column":1}},"type":"binary-expr","locations":[{"start":{"line":8,"column":18},"end":{"line":8,"column":22}},{"start":{"line":8,"column":26},"end":{"line":8,"column":41}},{"start":{"line":8,"column":46},"end":{"line":10,"column":1}}],"line":8},"11":{"loc":{"start":{"line":9,"column":4},"end":{"line":9,"column":109}},"type":"if","locations":[{"start":{"line":9,"column":4},"end":{"line":9,"column":109}},{"start":{"line":9,"column":4},"end":{"line":9,"column":109}}],"line":9},"12":{"loc":{"start":{"line":9,"column":8},"end":{"line":9,"column":77}},"type":"binary-expr","locations":[{"start":{"line":9,"column":8},"end":{"line":9,"column":35}},{"start":{"line":9,"column":39},"end":{"line":9,"column":77}}],"line":9}},"s":{"0":1,"1":6,"2":6,"3":6,"4":6,"5":0,"6":0,"7":0,"8":0,"9":6,"10":1,"11":5,"12":5,"13":1,"14":1,"15":1,"16":1,"17":1,"18":1,"19":1,"20":1,"21":1,"22":1},"f":{"0":6,"1":5},"b":{"0":[1,1,1],"1":[1,5],"2":[0,5],"3":[6,0],"4":[6,6],"5":[0,0],"6":[0,0],"7":[0,0],"8":[0,0],"9":[6,5,0],"10":[1,1,1],"11":[5,0],"12":[5,5]},"inputSourceMap":{"version":3,"file":"D:/Projects/JewelSystemsGit/api-ts-migration/brat-api/src/models/UserLog.ts","sources":["D:/Projects/JewelSystemsGit/api-ts-migration/brat-api/src/models/UserLog.ts"],"names":[],"mappings":";;;;;;;;;;;AAAA,qCAAiE;AAGjE,IAAqB,OAAO,GAA5B,MAAqB,OAAO;CAe3B,CAAA;AAbA;IADC,gCAAsB,CAAC,WAAW,CAAC;;mCACzB;AAGX;IADC,gBAAM,CAAC,EAAE,IAAI,EAAE,QAAQ,EAAE,QAAQ,EAAE,KAAK,EAAE,CAAC;;gDACpB;AAGxB;IADC,gBAAM,CAAC,EAAE,IAAI,EAAE,QAAQ,EAAE,QAAQ,EAAE,KAAK,EAAE,CAAC;;gDACpB;AAGxB;IADE,gBAAM,CAAC,EAAE,MAAM,EAAE,EAAE,EAAE,QAAQ,EAAE,KAAK,EAAE,CAAC;;qCAC5B;AAGb;IADE,gBAAM,CAAC,EAAE,IAAI,EAAE,QAAQ,EAAE,QAAQ,EAAE,KAAK,EAAE,CAAC;;sCAC/B;AAdM,OAAO;IAD3B,gBAAM,CAAC,UAAU,CAAC;GACE,OAAO,CAe3B;kBAfoB,OAAO","sourcesContent":["import { Entity, Column, PrimaryGeneratedColumn } from 'typeorm';\r\n\r\n@Entity('user_log')\r\nexport default class UserLog {\r\n\t@PrimaryGeneratedColumn('increment')\r\n\tid: number;\r\n\r\n\t@Column({ type: 'bigint', nullable: false })\r\n\tupdated_user_id: number;\r\n\r\n\t@Column({ type: 'bigint', nullable: false })\r\n\tupdater_user_id: number;\r\n\r\n  @Column({ length: 50, nullable: false })\r\n\ttype: string;\r\n\r\n  @Column({ type: 'bigint', nullable: false })\r\n\tepoch: number;\r\n}\r\n"]},"_coverageSchema":"1a1c01bbd47fc00a2c39e90264f33305004495a9","hash":"45cc9bfe1ffc3b4a461b29c949492d70d5f63c53","contentHash":"18025a54b22987a96e9d278296018e4260d1dffb38419d5a793b0355267fbc6b"},"D:\\Projects\\JewelSystemsGit\\api-ts-migration\\brat-api\\src\\models\\UserPemission.ts":{"path":"D:\\Projects\\JewelSystemsGit\\api-ts-migration\\brat-api\\src\\models\\UserPemission.ts","statementMap":{"0":{"start":{"line":2,"column":17},"end":{"line":7,"column":1}},"1":{"start":{"line":3,"column":12},"end":{"line":3,"column":28}},"2":{"start":{"line":3,"column":34},"end":{"line":3,"column":125}},"3":{"start":{"line":4,"column":4},"end":{"line":5,"column":150}},"4":{"start":{"line":4,"column":79},"end":{"line":4,"column":131}},"5":{"start":{"line":5,"column":9},"end":{"line":5,"column":150}},"6":{"start":{"line":5,"column":22},"end":{"line":5,"column":43}},"7":{"start":{"line":5,"column":58},"end":{"line":5,"column":150}},"8":{"start":{"line":5,"column":81},"end":{"line":5,"column":150}},"9":{"start":{"line":6,"column":4},"end":{"line":6,"column":66}},"10":{"start":{"line":8,"column":17},"end":{"line":10,"column":1}},"11":{"start":{"line":9,"column":4},"end":{"line":9,"column":109}},"12":{"start":{"line":9,"column":79},"end":{"line":9,"column":109}},"13":{"start":{"line":11,"column":0},"end":{"line":11,"column":62}},"14":{"start":{"line":12,"column":18},"end":{"line":12,"column":36}},"15":{"start":{"line":13,"column":21},"end":{"line":14,"column":1}},"16":{"start":{"line":15,"column":0},"end":{"line":18,"column":43}},"17":{"start":{"line":19,"column":0},"end":{"line":22,"column":48}},"18":{"start":{"line":23,"column":0},"end":{"line":26,"column":54}},"19":{"start":{"line":27,"column":0},"end":{"line":29,"column":19}},"20":{"start":{"line":30,"column":0},"end":{"line":30,"column":33}}},"fnMap":{"0":{"name":"(anonymous_0)","decl":{"start":{"line":2,"column":46},"end":{"line":2,"column":47}},"loc":{"start":{"line":2,"column":87},"end":{"line":7,"column":1}},"line":2},"1":{"name":"(anonymous_1)","decl":{"start":{"line":8,"column":46},"end":{"line":8,"column":47}},"loc":{"start":{"line":8,"column":62},"end":{"line":10,"column":1}},"line":8}},"branchMap":{"0":{"loc":{"start":{"line":2,"column":17},"end":{"line":7,"column":1}},"type":"binary-expr","locations":[{"start":{"line":2,"column":18},"end":{"line":2,"column":22}},{"start":{"line":2,"column":26},"end":{"line":2,"column":41}},{"start":{"line":2,"column":46},"end":{"line":7,"column":1}}],"line":2},"1":{"loc":{"start":{"line":3,"column":34},"end":{"line":3,"column":125}},"type":"cond-expr","locations":[{"start":{"line":3,"column":42},"end":{"line":3,"column":48}},{"start":{"line":3,"column":51},"end":{"line":3,"column":125}}],"line":3},"2":{"loc":{"start":{"line":3,"column":51},"end":{"line":3,"column":125}},"type":"cond-expr","locations":[{"start":{"line":3,"column":67},"end":{"line":3,"column":118}},{"start":{"line":3,"column":121},"end":{"line":3,"column":125}}],"line":3},"3":{"loc":{"start":{"line":4,"column":4},"end":{"line":5,"column":150}},"type":"if","locations":[{"start":{"line":4,"column":4},"end":{"line":5,"column":150}},{"start":{"line":4,"column":4},"end":{"line":5,"column":150}}],"line":4},"4":{"loc":{"start":{"line":4,"column":8},"end":{"line":4,"column":77}},"type":"binary-expr","locations":[{"start":{"line":4,"column":8},"end":{"line":4,"column":35}},{"start":{"line":4,"column":39},"end":{"line":4,"column":77}}],"line":4},"5":{"loc":{"start":{"line":5,"column":58},"end":{"line":5,"column":150}},"type":"if","locations":[{"start":{"line":5,"column":58},"end":{"line":5,"column":150}},{"start":{"line":5,"column":58},"end":{"line":5,"column":150}}],"line":5},"6":{"loc":{"start":{"line":5,"column":85},"end":{"line":5,"column":149}},"type":"binary-expr","locations":[{"start":{"line":5,"column":86},"end":{"line":5,"column":143}},{"start":{"line":5,"column":148},"end":{"line":5,"column":149}}],"line":5},"7":{"loc":{"start":{"line":5,"column":86},"end":{"line":5,"column":143}},"type":"cond-expr","locations":[{"start":{"line":5,"column":94},"end":{"line":5,"column":98}},{"start":{"line":5,"column":101},"end":{"line":5,"column":143}}],"line":5},"8":{"loc":{"start":{"line":5,"column":101},"end":{"line":5,"column":143}},"type":"cond-expr","locations":[{"start":{"line":5,"column":109},"end":{"line":5,"column":126}},{"start":{"line":5,"column":129},"end":{"line":5,"column":143}}],"line":5},"9":{"loc":{"start":{"line":6,"column":11},"end":{"line":6,"column":62}},"type":"binary-expr","locations":[{"start":{"line":6,"column":11},"end":{"line":6,"column":16}},{"start":{"line":6,"column":20},"end":{"line":6,"column":21}},{"start":{"line":6,"column":25},"end":{"line":6,"column":62}}],"line":6},"10":{"loc":{"start":{"line":8,"column":17},"end":{"line":10,"column":1}},"type":"binary-expr","locations":[{"start":{"line":8,"column":18},"end":{"line":8,"column":22}},{"start":{"line":8,"column":26},"end":{"line":8,"column":41}},{"start":{"line":8,"column":46},"end":{"line":10,"column":1}}],"line":8},"11":{"loc":{"start":{"line":9,"column":4},"end":{"line":9,"column":109}},"type":"if","locations":[{"start":{"line":9,"column":4},"end":{"line":9,"column":109}},{"start":{"line":9,"column":4},"end":{"line":9,"column":109}}],"line":9},"12":{"loc":{"start":{"line":9,"column":8},"end":{"line":9,"column":77}},"type":"binary-expr","locations":[{"start":{"line":9,"column":8},"end":{"line":9,"column":35}},{"start":{"line":9,"column":39},"end":{"line":9,"column":77}}],"line":9}},"s":{"0":1,"1":4,"2":4,"3":4,"4":4,"5":0,"6":0,"7":0,"8":0,"9":4,"10":1,"11":3,"12":3,"13":1,"14":1,"15":1,"16":1,"17":1,"18":1,"19":1,"20":1},"f":{"0":4,"1":3},"b":{"0":[1,1,1],"1":[1,3],"2":[0,3],"3":[4,0],"4":[4,4],"5":[0,0],"6":[0,0],"7":[0,0],"8":[0,0],"9":[4,3,0],"10":[1,1,1],"11":[3,0],"12":[3,3]},"inputSourceMap":{"version":3,"file":"D:/Projects/JewelSystemsGit/api-ts-migration/brat-api/src/models/UserPemission.ts","sources":["D:/Projects/JewelSystemsGit/api-ts-migration/brat-api/src/models/UserPemission.ts"],"names":[],"mappings":";;;;;;;;;;;AAAA,qCAAiE;AAGjE,IAAqB,cAAc,GAAnC,MAAqB,cAAc;CAUlC,CAAA;AARA;IADC,gCAAsB,CAAC,WAAW,CAAC;;0CACzB;AAGX;IADC,gBAAM,CAAC,EAAE,IAAI,EAAE,QAAQ,EAAE,QAAQ,EAAE,KAAK,EAAE,CAAC;;+CAC5B;AAGhB;IADC,gBAAM,CAAC,EAAE,IAAI,EAAE,QAAQ,EAAE,QAAQ,EAAE,KAAK,EAAE,CAAC;;qDACtB;AARF,cAAc;IADlC,gBAAM,CAAC,kBAAkB,CAAC;GACN,cAAc,CAUlC;kBAVoB,cAAc","sourcesContent":["import { Entity, Column, PrimaryGeneratedColumn } from 'typeorm';\r\n\r\n@Entity('user_permissions')\r\nexport default class UserPermission {\r\n\t@PrimaryGeneratedColumn('increment')\r\n\tid: number;\r\n\r\n\t@Column({ type: 'bigint', nullable: false })\r\n\tuser_id: number;\r\n\r\n\t@Column({ type: 'bigint', nullable: false })\r\n\tpermission_id: number;\r\n\r\n}\r\n"]},"_coverageSchema":"1a1c01bbd47fc00a2c39e90264f33305004495a9","hash":"30c5459431385ccdca3c3b2daf13ee05711377a2","contentHash":"1eceac6817d69487c098f2d24436e033af8a5159330e093169a4c3f83d9af6c6"}}